"C:/Users/Sean Mercer/Documents/GitHub/CardsForHumanity/Content/Maps/Map_MainMenu_BuiltData.uasset" 0
"C:/Users/Sean Mercer/Documents/GitHub/CardsForHumanity/Content/Maps/Map_MainMenu_BuiltData.uexp" 1
"C:/Users/Sean Mercer/Documents/GitHub/CardsForHumanity/Content/Maps/Map_MainMenu_BuiltData.ubulk" 2
"C:/Users/Sean Mercer/Documents/GitHub/CardsForHumanity/Content/Maps/Map_TestNetworking_BuiltData.uasset" 3
"C:/Users/Sean Mercer/Documents/GitHub/CardsForHumanity/Content/Maps/Map_TestNetworking_BuiltData.uexp" 4
"C:/Users/Sean Mercer/Documents/GitHub/CardsForHumanity/Content/Maps/Map_TestNetworking_BuiltData.ubulk" 5
"../../../Engine/Content/EngineMaterials/T_Default_Material_Grid_N.uasset" 6
"../../../Engine/Content/EngineMaterials/T_Default_Material_Grid_N.uexp" 7
"../../../Engine/Content/EngineMaterials/T_Default_Material_Grid_N.ubulk" 8
"../../../Engine/Content/EngineMaterials/T_Default_Material_Grid_M.uasset" 9
"../../../Engine/Content/EngineMaterials/T_Default_Material_Grid_M.uexp" 10
"../../../Engine/Content/EngineMaterials/T_Default_Material_Grid_M.ubulk" 11
"../../../Engine/Content/Functions/Engine_MaterialFunctions01/Opacity/CameraDepthFade.uasset" 12
"../../../Engine/Content/Functions/Engine_MaterialFunctions01/Opacity/CameraDepthFade.uexp" 13
"../../../Engine/Content/EngineMaterials/WorldGridMaterial.uasset" 14
"../../../Engine/Content/EngineMaterials/WorldGridMaterial.uexp" 15
"C:/Users/Sean Mercer/Documents/GitHub/CardsForHumanity/Content/Meshes/SM_Room.uasset" 16
"C:/Users/Sean Mercer/Documents/GitHub/CardsForHumanity/Content/Meshes/SM_Room.uexp" 17
"C:/Users/Sean Mercer/Documents/GitHub/CardsForHumanity/Content/Meshes/SM_Table.uasset" 18
"C:/Users/Sean Mercer/Documents/GitHub/CardsForHumanity/Content/Meshes/SM_Table.uexp" 19
"C:/Users/Sean Mercer/Documents/GitHub/CardsForHumanity/Content/Materials-Textures/White.uasset" 20
"C:/Users/Sean Mercer/Documents/GitHub/CardsForHumanity/Content/Materials-Textures/White.uexp" 21
"C:/Users/Sean Mercer/Documents/GitHub/CardsForHumanity/Content/Materials-Textures/Brown.uasset" 22
"C:/Users/Sean Mercer/Documents/GitHub/CardsForHumanity/Content/Materials-Textures/Brown.uexp" 23
"C:/Users/Sean Mercer/Documents/GitHub/CardsForHumanity/Content/Meshes/Placeholder_Whiteboard.uasset" 24
"C:/Users/Sean Mercer/Documents/GitHub/CardsForHumanity/Content/Meshes/Placeholder_Whiteboard.uexp" 25
"C:/Users/Sean Mercer/Documents/GitHub/CardsForHumanity/Content/Fonts/ChalkboardFont/Rayando-xj18.uasset" 26
"C:/Users/Sean Mercer/Documents/GitHub/CardsForHumanity/Content/Fonts/ChalkboardFont/Rayando-xj18.uexp" 27
"C:/Users/Sean Mercer/Documents/GitHub/CardsForHumanity/Content/Fonts/ChalkboardFont/Rayando-xj18.ufont" 28
"C:/Users/Sean Mercer/Documents/GitHub/CardsForHumanity/Content/Fonts/ChalkboardFont/Rayando-xj18_Font.uasset" 29
"C:/Users/Sean Mercer/Documents/GitHub/CardsForHumanity/Content/Fonts/ChalkboardFont/Rayando-xj18_Font.uexp" 30
"C:/Users/Sean Mercer/Documents/GitHub/CardsForHumanity/Content/Fonts/ChalkboardFont/ChalkboardArrows/Alphahate.uasset" 31
"C:/Users/Sean Mercer/Documents/GitHub/CardsForHumanity/Content/Fonts/ChalkboardFont/ChalkboardArrows/Alphahate.uexp" 32
"C:/Users/Sean Mercer/Documents/GitHub/CardsForHumanity/Content/Fonts/ChalkboardFont/ChalkboardArrows/Alphahate.ufont" 33
"C:/Users/Sean Mercer/Documents/GitHub/CardsForHumanity/Content/Fonts/ChalkboardFont/ChalkboardArrows/Alphahate_Font.uasset" 34
"C:/Users/Sean Mercer/Documents/GitHub/CardsForHumanity/Content/Fonts/ChalkboardFont/ChalkboardArrows/Alphahate_Font.uexp" 35
"../../../Engine/Content/EngineSounds/Master.uasset" 36
"../../../Engine/Content/EngineSounds/Master.uexp" 37
"C:/Users/Sean Mercer/Documents/GitHub/CardsForHumanity/Content/Audio/MasterSoundMix.uasset" 38
"C:/Users/Sean Mercer/Documents/GitHub/CardsForHumanity/Content/Audio/MasterSoundMix.uexp" 39
"C:/Users/Sean Mercer/Documents/GitHub/CardsForHumanity/Content/Data/S_BlackCard.uasset" 40
"C:/Users/Sean Mercer/Documents/GitHub/CardsForHumanity/Content/Data/S_BlackCard.uexp" 41
"C:/Users/Sean Mercer/Documents/GitHub/CardsForHumanity/Content/Data/S_Deck.uasset" 42
"C:/Users/Sean Mercer/Documents/GitHub/CardsForHumanity/Content/Data/S_Deck.uexp" 43
"C:/Users/Sean Mercer/Documents/GitHub/CardsForHumanity/Content/Data/SaveData_PlayerInfo.uasset" 44
"C:/Users/Sean Mercer/Documents/GitHub/CardsForHumanity/Content/Data/SaveData_PlayerInfo.uexp" 45
"C:/Users/Sean Mercer/Documents/GitHub/CardsForHumanity/Content/Networking/Widgets/Widget_ErrorMessage.uasset" 46
"C:/Users/Sean Mercer/Documents/GitHub/CardsForHumanity/Content/Networking/Widgets/Widget_ErrorMessage.uexp" 47
"C:/Users/Sean Mercer/Documents/GitHub/CardsForHumanity/Content/Data/S_WhiteDetailed.uasset" 48
"C:/Users/Sean Mercer/Documents/GitHub/CardsForHumanity/Content/Data/S_WhiteDetailed.uexp" 49
"C:/Users/Sean Mercer/Documents/GitHub/CardsForHumanity/Content/Data/S_BlackDetailed.uasset" 50
"C:/Users/Sean Mercer/Documents/GitHub/CardsForHumanity/Content/Data/S_BlackDetailed.uexp" 51
"C:/Users/Sean Mercer/Documents/GitHub/CardsForHumanity/Content/Data/S_MasterDeck.uasset" 52
"C:/Users/Sean Mercer/Documents/GitHub/CardsForHumanity/Content/Data/S_MasterDeck.uexp" 53
"C:/Users/Sean Mercer/Documents/GitHub/CardsForHumanity/Content/Materials-Textures/Black.uasset" 54
"C:/Users/Sean Mercer/Documents/GitHub/CardsForHumanity/Content/Materials-Textures/Black.uexp" 55
"C:/Users/Sean Mercer/Documents/GitHub/CardsForHumanity/Content/Meshes/deck.uasset" 56
"C:/Users/Sean Mercer/Documents/GitHub/CardsForHumanity/Content/Meshes/deck.uexp" 57
"../../../Engine/Content/EditorBlueprintResources/StandardMacros.uasset" 58
"../../../Engine/Content/EditorBlueprintResources/StandardMacros.uexp" 59
"../../../Engine/Content/EditorBlueprintResources/ActorMacros.uasset" 60
"../../../Engine/Content/EditorBlueprintResources/ActorMacros.uexp" 61
"C:/Users/Sean Mercer/Documents/GitHub/CardsForHumanity/Content/Fonts/IconFont/IconFont.uasset" 62
"C:/Users/Sean Mercer/Documents/GitHub/CardsForHumanity/Content/Fonts/IconFont/IconFont.uexp" 63
"C:/Users/Sean Mercer/Documents/GitHub/CardsForHumanity/Content/Fonts/IconFont/IconFont.ufont" 64
"C:/Users/Sean Mercer/Documents/GitHub/CardsForHumanity/Content/Fonts/IconFont/IconFont_Font.uasset" 65
"C:/Users/Sean Mercer/Documents/GitHub/CardsForHumanity/Content/Fonts/IconFont/IconFont_Font.uexp" 66
"C:/Users/Sean Mercer/Documents/GitHub/CardsForHumanity/Content/Blueprints/GameModes-Controller/MainGame/Widget_VictoryScreen.uasset" 67
"C:/Users/Sean Mercer/Documents/GitHub/CardsForHumanity/Content/Blueprints/GameModes-Controller/MainGame/Widget_VictoryScreen.uexp" 68
"../../../Engine/Content/EditorSounds/Notifications/CompileSuccess.uasset" 69
"../../../Engine/Content/EditorSounds/Notifications/CompileSuccess.uexp" 70
"../../../Engine/Content/EditorSounds/Notifications/CompileSuccess_Cue.uasset" 71
"../../../Engine/Content/EditorSounds/Notifications/CompileSuccess_Cue.uexp" 72
"../../../Engine/Content/EditorSounds/Notifications/CompileFailed.uasset" 73
"../../../Engine/Content/EditorSounds/Notifications/CompileFailed.uexp" 74
"../../../Engine/Content/EditorSounds/Notifications/CompileFailed_Cue.uasset" 75
"../../../Engine/Content/EditorSounds/Notifications/CompileFailed_Cue.uexp" 76
"C:/Users/Sean Mercer/Documents/GitHub/CardsForHumanity/Content/Data/S_ScoreCard.uasset" 77
"C:/Users/Sean Mercer/Documents/GitHub/CardsForHumanity/Content/Data/S_ScoreCard.uexp" 78
"C:/Users/Sean Mercer/Documents/GitHub/CardsForHumanity/Content/Fonts/CAH_SimilarFont/Inter-ExtraLightItalic.uasset" 79
"C:/Users/Sean Mercer/Documents/GitHub/CardsForHumanity/Content/Fonts/CAH_SimilarFont/Inter-ExtraLightItalic.uexp" 80
"C:/Users/Sean Mercer/Documents/GitHub/CardsForHumanity/Content/Fonts/CAH_SimilarFont/Inter-ExtraLightItalic.ufont" 81
"C:/Users/Sean Mercer/Documents/GitHub/CardsForHumanity/Content/Fonts/CAH_SimilarFont/Inter-ExtraLight.uasset" 82
"C:/Users/Sean Mercer/Documents/GitHub/CardsForHumanity/Content/Fonts/CAH_SimilarFont/Inter-ExtraLight.uexp" 83
"C:/Users/Sean Mercer/Documents/GitHub/CardsForHumanity/Content/Fonts/CAH_SimilarFont/Inter-ExtraLight.ufont" 84
"C:/Users/Sean Mercer/Documents/GitHub/CardsForHumanity/Content/Fonts/CAH_SimilarFont/Inter-ExtraBoldItalic.uasset" 85
"C:/Users/Sean Mercer/Documents/GitHub/CardsForHumanity/Content/Fonts/CAH_SimilarFont/Inter-ExtraBoldItalic.uexp" 86
"C:/Users/Sean Mercer/Documents/GitHub/CardsForHumanity/Content/Fonts/CAH_SimilarFont/Inter-ExtraBoldItalic.ufont" 87
"C:/Users/Sean Mercer/Documents/GitHub/CardsForHumanity/Content/Fonts/CAH_SimilarFont/Inter-ExtraBold.uasset" 88
"C:/Users/Sean Mercer/Documents/GitHub/CardsForHumanity/Content/Fonts/CAH_SimilarFont/Inter-ExtraBold.uexp" 89
"C:/Users/Sean Mercer/Documents/GitHub/CardsForHumanity/Content/Fonts/CAH_SimilarFont/Inter-ExtraBold.ufont" 90
"C:/Users/Sean Mercer/Documents/GitHub/CardsForHumanity/Content/Fonts/CAH_SimilarFont/Inter-BoldItalic.uasset" 91
"C:/Users/Sean Mercer/Documents/GitHub/CardsForHumanity/Content/Fonts/CAH_SimilarFont/Inter-BoldItalic.uexp" 92
"C:/Users/Sean Mercer/Documents/GitHub/CardsForHumanity/Content/Fonts/CAH_SimilarFont/Inter-BoldItalic.ufont" 93
"C:/Users/Sean Mercer/Documents/GitHub/CardsForHumanity/Content/Fonts/CAH_SimilarFont/Inter-Bold.uasset" 94
"C:/Users/Sean Mercer/Documents/GitHub/CardsForHumanity/Content/Fonts/CAH_SimilarFont/Inter-Bold.uexp" 95
"C:/Users/Sean Mercer/Documents/GitHub/CardsForHumanity/Content/Fonts/CAH_SimilarFont/Inter-Bold.ufont" 96
"C:/Users/Sean Mercer/Documents/GitHub/CardsForHumanity/Content/Fonts/CAH_SimilarFont/Inter-BlackItalic.uasset" 97
"C:/Users/Sean Mercer/Documents/GitHub/CardsForHumanity/Content/Fonts/CAH_SimilarFont/Inter-BlackItalic.uexp" 98
"C:/Users/Sean Mercer/Documents/GitHub/CardsForHumanity/Content/Fonts/CAH_SimilarFont/Inter-BlackItalic.ufont" 99
"C:/Users/Sean Mercer/Documents/GitHub/CardsForHumanity/Content/Fonts/CAH_SimilarFont/Inter-Black.uasset" 100
"C:/Users/Sean Mercer/Documents/GitHub/CardsForHumanity/Content/Fonts/CAH_SimilarFont/Inter-Black.uexp" 101
"C:/Users/Sean Mercer/Documents/GitHub/CardsForHumanity/Content/Fonts/CAH_SimilarFont/Inter-Black.ufont" 102
"C:/Users/Sean Mercer/Documents/GitHub/CardsForHumanity/Content/Fonts/CAH_SimilarFont/Inter-ThinItalic.uasset" 103
"C:/Users/Sean Mercer/Documents/GitHub/CardsForHumanity/Content/Fonts/CAH_SimilarFont/Inter-ThinItalic.uexp" 104
"C:/Users/Sean Mercer/Documents/GitHub/CardsForHumanity/Content/Fonts/CAH_SimilarFont/Inter-ThinItalic.ufont" 105
"C:/Users/Sean Mercer/Documents/GitHub/CardsForHumanity/Content/Fonts/CAH_SimilarFont/Inter-Thin.uasset" 106
"C:/Users/Sean Mercer/Documents/GitHub/CardsForHumanity/Content/Fonts/CAH_SimilarFont/Inter-Thin.uexp" 107
"C:/Users/Sean Mercer/Documents/GitHub/CardsForHumanity/Content/Fonts/CAH_SimilarFont/Inter-Thin.ufont" 108
"C:/Users/Sean Mercer/Documents/GitHub/CardsForHumanity/Content/Fonts/CAH_SimilarFont/Inter-SemiBoldItalic.uasset" 109
"C:/Users/Sean Mercer/Documents/GitHub/CardsForHumanity/Content/Fonts/CAH_SimilarFont/Inter-SemiBoldItalic.uexp" 110
"C:/Users/Sean Mercer/Documents/GitHub/CardsForHumanity/Content/Fonts/CAH_SimilarFont/Inter-SemiBoldItalic.ufont" 111
"C:/Users/Sean Mercer/Documents/GitHub/CardsForHumanity/Content/Fonts/CAH_SimilarFont/Inter-SemiBold.uasset" 112
"C:/Users/Sean Mercer/Documents/GitHub/CardsForHumanity/Content/Fonts/CAH_SimilarFont/Inter-SemiBold.uexp" 113
"C:/Users/Sean Mercer/Documents/GitHub/CardsForHumanity/Content/Fonts/CAH_SimilarFont/Inter-SemiBold.ufont" 114
"C:/Users/Sean Mercer/Documents/GitHub/CardsForHumanity/Content/Fonts/CAH_SimilarFont/Inter-Regular.uasset" 115
"C:/Users/Sean Mercer/Documents/GitHub/CardsForHumanity/Content/Fonts/CAH_SimilarFont/Inter-Regular.uexp" 116
"C:/Users/Sean Mercer/Documents/GitHub/CardsForHumanity/Content/Fonts/CAH_SimilarFont/Inter-Regular.ufont" 117
"C:/Users/Sean Mercer/Documents/GitHub/CardsForHumanity/Content/Fonts/CAH_SimilarFont/Inter-MediumItalic.uasset" 118
"C:/Users/Sean Mercer/Documents/GitHub/CardsForHumanity/Content/Fonts/CAH_SimilarFont/Inter-MediumItalic.uexp" 119
"C:/Users/Sean Mercer/Documents/GitHub/CardsForHumanity/Content/Fonts/CAH_SimilarFont/Inter-MediumItalic.ufont" 120
"C:/Users/Sean Mercer/Documents/GitHub/CardsForHumanity/Content/Fonts/CAH_SimilarFont/Inter-Medium.uasset" 121
"C:/Users/Sean Mercer/Documents/GitHub/CardsForHumanity/Content/Fonts/CAH_SimilarFont/Inter-Medium.uexp" 122
"C:/Users/Sean Mercer/Documents/GitHub/CardsForHumanity/Content/Fonts/CAH_SimilarFont/Inter-Medium.ufont" 123
"C:/Users/Sean Mercer/Documents/GitHub/CardsForHumanity/Content/Fonts/CAH_SimilarFont/Inter-LightItalic.uasset" 124
"C:/Users/Sean Mercer/Documents/GitHub/CardsForHumanity/Content/Fonts/CAH_SimilarFont/Inter-LightItalic.uexp" 125
"C:/Users/Sean Mercer/Documents/GitHub/CardsForHumanity/Content/Fonts/CAH_SimilarFont/Inter-LightItalic.ufont" 126
"C:/Users/Sean Mercer/Documents/GitHub/CardsForHumanity/Content/Fonts/CAH_SimilarFont/Inter-Light.uasset" 127
"C:/Users/Sean Mercer/Documents/GitHub/CardsForHumanity/Content/Fonts/CAH_SimilarFont/Inter-Light.uexp" 128
"C:/Users/Sean Mercer/Documents/GitHub/CardsForHumanity/Content/Fonts/CAH_SimilarFont/Inter-Light.ufont" 129
"C:/Users/Sean Mercer/Documents/GitHub/CardsForHumanity/Content/Fonts/CAH_SimilarFont/Inter-Italic.uasset" 130
"C:/Users/Sean Mercer/Documents/GitHub/CardsForHumanity/Content/Fonts/CAH_SimilarFont/Inter-Italic.uexp" 131
"C:/Users/Sean Mercer/Documents/GitHub/CardsForHumanity/Content/Fonts/CAH_SimilarFont/Inter-Italic.ufont" 132
"C:/Users/Sean Mercer/Documents/GitHub/CardsForHumanity/Content/Fonts/CAH_SimilarFont/Inter-Regular_Font.uasset" 133
"C:/Users/Sean Mercer/Documents/GitHub/CardsForHumanity/Content/Fonts/CAH_SimilarFont/Inter-Regular_Font.uexp" 134
"C:/Users/Sean Mercer/Documents/GitHub/CardsForHumanity/Content/Blueprints/GameModes-Controller/MainGame/Widget_BlackCardDisplay.uasset" 135
"C:/Users/Sean Mercer/Documents/GitHub/CardsForHumanity/Content/Blueprints/GameModes-Controller/MainGame/Widget_BlackCardDisplay.uexp" 136
"C:/Users/Sean Mercer/Documents/GitHub/CardsForHumanity/Content/Blueprints/GameModes-Controller/MainGame/Pawn_MainGameCamera.uasset" 137
"C:/Users/Sean Mercer/Documents/GitHub/CardsForHumanity/Content/Blueprints/GameModes-Controller/MainGame/Pawn_MainGameCamera.uexp" 138
"C:/Users/Sean Mercer/Documents/GitHub/CardsForHumanity/Content/Blueprints/CardStuff/Widget_CardText_Black.uasset" 139
"C:/Users/Sean Mercer/Documents/GitHub/CardsForHumanity/Content/Blueprints/CardStuff/Widget_CardText_Black.uexp" 140
"C:/Users/Sean Mercer/Documents/GitHub/CardsForHumanity/Content/Meshes/SM_Card.uasset" 141
"C:/Users/Sean Mercer/Documents/GitHub/CardsForHumanity/Content/Meshes/SM_Card.uexp" 142
"C:/Users/Sean Mercer/Documents/GitHub/CardsForHumanity/Content/Blueprints/CardStuff/Widget_CardText.uasset" 143
"C:/Users/Sean Mercer/Documents/GitHub/CardsForHumanity/Content/Blueprints/CardStuff/Widget_CardText.uexp" 144
"C:/Users/Sean Mercer/Documents/GitHub/CardsForHumanity/Content/Blueprints/CardStuff/Actor_Card.uasset" 145
"C:/Users/Sean Mercer/Documents/GitHub/CardsForHumanity/Content/Blueprints/CardStuff/Actor_Card.uexp" 146
"C:/Users/Sean Mercer/Documents/GitHub/CardsForHumanity/Content/Blueprints/CardStuff/Actor_BlackCard_Child.uasset" 147
"C:/Users/Sean Mercer/Documents/GitHub/CardsForHumanity/Content/Blueprints/CardStuff/Actor_BlackCard_Child.uexp" 148
"C:/Users/Sean Mercer/Documents/GitHub/CardsForHumanity/Content/Data/S_SpawnInfo.uasset" 149
"C:/Users/Sean Mercer/Documents/GitHub/CardsForHumanity/Content/Data/S_SpawnInfo.uexp" 150
"C:/Users/Sean Mercer/Documents/GitHub/CardsForHumanity/Content/Blueprints/GameModes-Controller/MainGame/PS_Main.uasset" 151
"C:/Users/Sean Mercer/Documents/GitHub/CardsForHumanity/Content/Blueprints/GameModes-Controller/MainGame/PS_Main.uexp" 152
"C:/Users/Sean Mercer/Documents/GitHub/CardsForHumanity/Content/Blueprints/GameModes-Controller/MainGame/GM_Main.uasset" 153
"C:/Users/Sean Mercer/Documents/GitHub/CardsForHumanity/Content/Blueprints/GameModes-Controller/MainGame/GM_Main.uexp" 154
"C:/Users/Sean Mercer/Documents/GitHub/CardsForHumanity/Content/Blueprints/GameModes-Controller/MainGame/GS_Main.uasset" 155
"C:/Users/Sean Mercer/Documents/GitHub/CardsForHumanity/Content/Blueprints/GameModes-Controller/MainGame/GS_Main.uexp" 156
"C:/Users/Sean Mercer/Documents/GitHub/CardsForHumanity/Content/Blueprints/GameModes-Controller/MainGame/Widget_Scoreboard_Player.uasset" 157
"C:/Users/Sean Mercer/Documents/GitHub/CardsForHumanity/Content/Blueprints/GameModes-Controller/MainGame/Widget_Scoreboard_Player.uexp" 158
"C:/Users/Sean Mercer/Documents/GitHub/CardsForHumanity/Content/Blueprints/GameModes-Controller/MainGame/Widget_Scoreboard.uasset" 159
"C:/Users/Sean Mercer/Documents/GitHub/CardsForHumanity/Content/Blueprints/GameModes-Controller/MainGame/Widget_Scoreboard.uexp" 160
"C:/Users/Sean Mercer/Documents/GitHub/CardsForHumanity/Content/Blueprints/GameModes-Controller/MainGame/Widget_CzarDisplay.uasset" 161
"C:/Users/Sean Mercer/Documents/GitHub/CardsForHumanity/Content/Blueprints/GameModes-Controller/MainGame/Widget_CzarDisplay.uexp" 162
"C:/Users/Sean Mercer/Documents/GitHub/CardsForHumanity/Content/LevelingSystem/LevelWidget.uasset" 163
"C:/Users/Sean Mercer/Documents/GitHub/CardsForHumanity/Content/LevelingSystem/LevelWidget.uexp" 164
"C:/Users/Sean Mercer/Documents/GitHub/CardsForHumanity/Content/Blueprints/GameModes-Controller/MainGame/PC_Main.uasset" 165
"C:/Users/Sean Mercer/Documents/GitHub/CardsForHumanity/Content/Blueprints/GameModes-Controller/MainGame/PC_Main.uexp" 166
"C:/Users/Sean Mercer/Documents/GitHub/CardsForHumanity/Content/Meshes/SM_CardWithCollision_2.uasset" 167
"C:/Users/Sean Mercer/Documents/GitHub/CardsForHumanity/Content/Meshes/SM_CardWithCollision_2.uexp" 168
"C:/Users/Sean Mercer/Documents/GitHub/CardsForHumanity/Content/Networking/Actor_Card_Movement.uasset" 169
"C:/Users/Sean Mercer/Documents/GitHub/CardsForHumanity/Content/Networking/Actor_Card_Movement.uexp" 170
"C:/Users/Sean Mercer/Documents/GitHub/CardsForHumanity/Content/Data/S_CardBundle.uasset" 171
"C:/Users/Sean Mercer/Documents/GitHub/CardsForHumanity/Content/Data/S_CardBundle.uexp" 172
"C:/Users/Sean Mercer/Documents/GitHub/CardsForHumanity/Content/Blueprints/CardStuff/Actor_Deck.uasset" 173
"C:/Users/Sean Mercer/Documents/GitHub/CardsForHumanity/Content/Blueprints/CardStuff/Actor_Deck.uexp" 174
"C:/Users/Sean Mercer/Documents/GitHub/CardsForHumanity/Content/Blueprints/GameModes-Controller/Instance_OnlineGame.uasset" 175
"C:/Users/Sean Mercer/Documents/GitHub/CardsForHumanity/Content/Blueprints/GameModes-Controller/Instance_OnlineGame.uexp" 176
"C:/Users/Sean Mercer/Documents/GitHub/CardsForHumanity/Content/Blueprints/CardStuff/TEST_Widget_OptionsMenu.uasset" 177
"C:/Users/Sean Mercer/Documents/GitHub/CardsForHumanity/Content/Blueprints/CardStuff/TEST_Widget_OptionsMenu.uexp" 178
"C:/Users/Sean Mercer/Documents/GitHub/CardsForHumanity/Content/Materials-Textures/Green.uasset" 179
"C:/Users/Sean Mercer/Documents/GitHub/CardsForHumanity/Content/Materials-Textures/Green.uexp" 180
"C:/Users/Sean Mercer/Documents/GitHub/CardsForHumanity/Content/Test.uasset" 181
"C:/Users/Sean Mercer/Documents/GitHub/CardsForHumanity/Content/Test.uexp" 182
"C:/Users/Sean Mercer/Documents/GitHub/CardsForHumanity/Content/Audio/DealingCard_03.uasset" 183
"C:/Users/Sean Mercer/Documents/GitHub/CardsForHumanity/Content/Audio/DealingCard_03.uexp" 184
"C:/Users/Sean Mercer/Documents/GitHub/CardsForHumanity/Content/Audio/DealingCard_02.uasset" 185
"C:/Users/Sean Mercer/Documents/GitHub/CardsForHumanity/Content/Audio/DealingCard_02.uexp" 186
"C:/Users/Sean Mercer/Documents/GitHub/CardsForHumanity/Content/Audio/DealingCard_01.uasset" 187
"C:/Users/Sean Mercer/Documents/GitHub/CardsForHumanity/Content/Audio/DealingCard_01.uexp" 188
"C:/Users/Sean Mercer/Documents/GitHub/CardsForHumanity/Content/Audio/RandomDealingCardCue.uasset" 189
"C:/Users/Sean Mercer/Documents/GitHub/CardsForHumanity/Content/Audio/RandomDealingCardCue.uexp" 190
"C:/Users/Sean Mercer/Documents/GitHub/CardsForHumanity/Content/Audio/Shuffle_03.uasset" 191
"C:/Users/Sean Mercer/Documents/GitHub/CardsForHumanity/Content/Audio/Shuffle_03.uexp" 192
"C:/Users/Sean Mercer/Documents/GitHub/CardsForHumanity/Content/Audio/Shuffle_02.uasset" 193
"C:/Users/Sean Mercer/Documents/GitHub/CardsForHumanity/Content/Audio/Shuffle_02.uexp" 194
"C:/Users/Sean Mercer/Documents/GitHub/CardsForHumanity/Content/Audio/Shuffle_01.uasset" 195
"C:/Users/Sean Mercer/Documents/GitHub/CardsForHumanity/Content/Audio/Shuffle_01.uexp" 196
"C:/Users/Sean Mercer/Documents/GitHub/CardsForHumanity/Content/Audio/RandomShuffleCue.uasset" 197
"C:/Users/Sean Mercer/Documents/GitHub/CardsForHumanity/Content/Audio/RandomShuffleCue.uexp" 198
"C:/Users/Sean Mercer/Documents/GitHub/CardsForHumanity/Content/Images/PlaceholderNotebookPaper.uasset" 199
"C:/Users/Sean Mercer/Documents/GitHub/CardsForHumanity/Content/Images/PlaceholderNotebookPaper.uexp" 200
"../../../Engine/Content/EngineFonts/Faces/RobotoRegular.uasset" 201
"../../../Engine/Content/EngineFonts/Faces/RobotoRegular.uexp" 202
"../../../Engine/Content/EngineFonts/Faces/RobotoRegular.ufont" 203
"../../../Engine/Content/EngineFonts/Faces/RobotoLight.uasset" 204
"../../../Engine/Content/EngineFonts/Faces/RobotoLight.uexp" 205
"../../../Engine/Content/EngineFonts/Faces/RobotoLight.ufont" 206
"../../../Engine/Content/EngineFonts/Faces/RobotoItalic.uasset" 207
"../../../Engine/Content/EngineFonts/Faces/RobotoItalic.uexp" 208
"../../../Engine/Content/EngineFonts/Faces/RobotoItalic.ufont" 209
"../../../Engine/Content/EngineFonts/Faces/RobotoBoldItalic.uasset" 210
"../../../Engine/Content/EngineFonts/Faces/RobotoBoldItalic.uexp" 211
"../../../Engine/Content/EngineFonts/Faces/RobotoBoldItalic.ufont" 212
"../../../Engine/Content/EngineFonts/Faces/RobotoBold.uasset" 213
"../../../Engine/Content/EngineFonts/Faces/RobotoBold.uexp" 214
"../../../Engine/Content/EngineFonts/Faces/RobotoBold.ufont" 215
"../../../Engine/Content/EngineFonts/Faces/DroidSansFallback.uasset" 216
"../../../Engine/Content/EngineFonts/Faces/DroidSansFallback.uexp" 217
"../../../Engine/Content/EngineFonts/Faces/DroidSansFallback.ufont" 218
"../../../Engine/Content/EngineFonts/Roboto.uasset" 219
"../../../Engine/Content/EngineFonts/Roboto.uexp" 220
"C:/Users/Sean Mercer/Documents/GitHub/CardsForHumanity/Content/Data/Libraries/BPFL_TextTools.uasset" 221
"C:/Users/Sean Mercer/Documents/GitHub/CardsForHumanity/Content/Data/Libraries/BPFL_TextTools.uexp" 222
"C:/Users/Sean Mercer/Documents/GitHub/CardsForHumanity/Content/Blueprints/CardStuff/Widget_DeckCreator_NameDeck.uasset" 223
"C:/Users/Sean Mercer/Documents/GitHub/CardsForHumanity/Content/Blueprints/CardStuff/Widget_DeckCreator_NameDeck.uexp" 224
"C:/Users/Sean Mercer/Documents/GitHub/CardsForHumanity/Content/Fonts/HandwrittenFont/Daniel-Regular.uasset" 225
"C:/Users/Sean Mercer/Documents/GitHub/CardsForHumanity/Content/Fonts/HandwrittenFont/Daniel-Regular.uexp" 226
"C:/Users/Sean Mercer/Documents/GitHub/CardsForHumanity/Content/Fonts/HandwrittenFont/Daniel-Regular.ufont" 227
"C:/Users/Sean Mercer/Documents/GitHub/CardsForHumanity/Content/Fonts/HandwrittenFont/Daniel-Bold.uasset" 228
"C:/Users/Sean Mercer/Documents/GitHub/CardsForHumanity/Content/Fonts/HandwrittenFont/Daniel-Bold.uexp" 229
"C:/Users/Sean Mercer/Documents/GitHub/CardsForHumanity/Content/Fonts/HandwrittenFont/Daniel-Bold.ufont" 230
"C:/Users/Sean Mercer/Documents/GitHub/CardsForHumanity/Content/Fonts/HandwrittenFont/Daniel-Black.uasset" 231
"C:/Users/Sean Mercer/Documents/GitHub/CardsForHumanity/Content/Fonts/HandwrittenFont/Daniel-Black.uexp" 232
"C:/Users/Sean Mercer/Documents/GitHub/CardsForHumanity/Content/Fonts/HandwrittenFont/Daniel-Black.ufont" 233
"C:/Users/Sean Mercer/Documents/GitHub/CardsForHumanity/Content/Fonts/HandwrittenFont/Daniel-Regular_Font.uasset" 234
"C:/Users/Sean Mercer/Documents/GitHub/CardsForHumanity/Content/Fonts/HandwrittenFont/Daniel-Regular_Font.uexp" 235
"C:/Users/Sean Mercer/Documents/GitHub/CardsForHumanity/Content/Images/Icons/Icon_06_White.uasset" 236
"C:/Users/Sean Mercer/Documents/GitHub/CardsForHumanity/Content/Images/Icons/Icon_06_White.uexp" 237
"C:/Users/Sean Mercer/Documents/GitHub/CardsForHumanity/Content/Images/Icons/Icon_06.uasset" 238
"C:/Users/Sean Mercer/Documents/GitHub/CardsForHumanity/Content/Images/Icons/Icon_06.uexp" 239
"C:/Users/Sean Mercer/Documents/GitHub/CardsForHumanity/Content/Images/Icons/Icon_05_White.uasset" 240
"C:/Users/Sean Mercer/Documents/GitHub/CardsForHumanity/Content/Images/Icons/Icon_05_White.uexp" 241
"C:/Users/Sean Mercer/Documents/GitHub/CardsForHumanity/Content/Images/Icons/Icon_05.uasset" 242
"C:/Users/Sean Mercer/Documents/GitHub/CardsForHumanity/Content/Images/Icons/Icon_05.uexp" 243
"C:/Users/Sean Mercer/Documents/GitHub/CardsForHumanity/Content/Images/Icons/Icon_04_White.uasset" 244
"C:/Users/Sean Mercer/Documents/GitHub/CardsForHumanity/Content/Images/Icons/Icon_04_White.uexp" 245
"C:/Users/Sean Mercer/Documents/GitHub/CardsForHumanity/Content/Images/Icons/Icon_04.uasset" 246
"C:/Users/Sean Mercer/Documents/GitHub/CardsForHumanity/Content/Images/Icons/Icon_04.uexp" 247
"C:/Users/Sean Mercer/Documents/GitHub/CardsForHumanity/Content/Images/Icons/Icon_03_White.uasset" 248
"C:/Users/Sean Mercer/Documents/GitHub/CardsForHumanity/Content/Images/Icons/Icon_03_White.uexp" 249
"C:/Users/Sean Mercer/Documents/GitHub/CardsForHumanity/Content/Images/Icons/Icon_03.uasset" 250
"C:/Users/Sean Mercer/Documents/GitHub/CardsForHumanity/Content/Images/Icons/Icon_03.uexp" 251
"C:/Users/Sean Mercer/Documents/GitHub/CardsForHumanity/Content/Images/Icons/Icon_02_White.uasset" 252
"C:/Users/Sean Mercer/Documents/GitHub/CardsForHumanity/Content/Images/Icons/Icon_02_White.uexp" 253
"C:/Users/Sean Mercer/Documents/GitHub/CardsForHumanity/Content/Images/Icons/Icon_02.uasset" 254
"C:/Users/Sean Mercer/Documents/GitHub/CardsForHumanity/Content/Images/Icons/Icon_02.uexp" 255
"C:/Users/Sean Mercer/Documents/GitHub/CardsForHumanity/Content/Images/Icons/Icon_01_White.uasset" 256
"C:/Users/Sean Mercer/Documents/GitHub/CardsForHumanity/Content/Images/Icons/Icon_01_White.uexp" 257
"C:/Users/Sean Mercer/Documents/GitHub/CardsForHumanity/Content/Images/Icons/Icon_01.uasset" 258
"C:/Users/Sean Mercer/Documents/GitHub/CardsForHumanity/Content/Images/Icons/Icon_01.uexp" 259
"C:/Users/Sean Mercer/Documents/GitHub/CardsForHumanity/Content/Blueprints/CardStuff/TEST_Widget_DeckCreator_NameDeck.uasset" 260
"C:/Users/Sean Mercer/Documents/GitHub/CardsForHumanity/Content/Blueprints/CardStuff/TEST_Widget_DeckCreator_NameDeck.uexp" 261
"C:/Users/Sean Mercer/Documents/GitHub/CardsForHumanity/Content/Blueprints/GameModes-Controller/MainMenu/PC_MainMenu.uasset" 262
"C:/Users/Sean Mercer/Documents/GitHub/CardsForHumanity/Content/Blueprints/GameModes-Controller/MainMenu/PC_MainMenu.uexp" 263
"C:/Users/Sean Mercer/Documents/GitHub/CardsForHumanity/Content/Images/Arrow.uasset" 264
"C:/Users/Sean Mercer/Documents/GitHub/CardsForHumanity/Content/Images/Arrow.uexp" 265
"C:/Users/Sean Mercer/Documents/GitHub/CardsForHumanity/Content/Images/Arrow_Mat.uasset" 266
"C:/Users/Sean Mercer/Documents/GitHub/CardsForHumanity/Content/Images/Arrow_Mat.uexp" 267
"../../../Engine/Content/BasicShapes/Plane.uasset" 268
"../../../Engine/Content/BasicShapes/Plane.uexp" 269
"C:/Users/Sean Mercer/Documents/GitHub/CardsForHumanity/Content/Materials-Textures/Red.uasset" 270
"C:/Users/Sean Mercer/Documents/GitHub/CardsForHumanity/Content/Materials-Textures/Red.uexp" 271
"C:/Users/Sean Mercer/Documents/GitHub/CardsForHumanity/Content/Blueprints/CardStuff/Actor_CardQuitGame_Child.uasset" 272
"C:/Users/Sean Mercer/Documents/GitHub/CardsForHumanity/Content/Blueprints/CardStuff/Actor_CardQuitGame_Child.uexp" 273
"C:/Users/Sean Mercer/Documents/GitHub/CardsForHumanity/Content/Data/Libraries/BPML_ActorMacros.uasset" 274
"C:/Users/Sean Mercer/Documents/GitHub/CardsForHumanity/Content/Data/Libraries/BPML_ActorMacros.uexp" 275
"C:/Users/Sean Mercer/Documents/GitHub/CardsForHumanity/Content/Materials-Textures/Purple.uasset" 276
"C:/Users/Sean Mercer/Documents/GitHub/CardsForHumanity/Content/Materials-Textures/Purple.uexp" 277
"C:/Users/Sean Mercer/Documents/GitHub/CardsForHumanity/Content/Blueprints/CardStuff/Actor_CardOptions_Child.uasset" 278
"C:/Users/Sean Mercer/Documents/GitHub/CardsForHumanity/Content/Blueprints/CardStuff/Actor_CardOptions_Child.uexp" 279
"C:/Users/Sean Mercer/Documents/GitHub/CardsForHumanity/Content/Networking/Widgets/Widget_HostGameOptions.uasset" 280
"C:/Users/Sean Mercer/Documents/GitHub/CardsForHumanity/Content/Networking/Widgets/Widget_HostGameOptions.uexp" 281
"C:/Users/Sean Mercer/Documents/GitHub/CardsForHumanity/Content/Materials-Textures/Orange.uasset" 282
"C:/Users/Sean Mercer/Documents/GitHub/CardsForHumanity/Content/Materials-Textures/Orange.uexp" 283
"C:/Users/Sean Mercer/Documents/GitHub/CardsForHumanity/Content/Blueprints/CardStuff/Actor_CardHostGame_Child.uasset" 284
"C:/Users/Sean Mercer/Documents/GitHub/CardsForHumanity/Content/Blueprints/CardStuff/Actor_CardHostGame_Child.uexp" 285
"C:/Users/Sean Mercer/Documents/GitHub/CardsForHumanity/Content/Networking/Widgets/Widget_SessionResult_UI.uasset" 286
"C:/Users/Sean Mercer/Documents/GitHub/CardsForHumanity/Content/Networking/Widgets/Widget_SessionResult_UI.uexp" 287
"C:/Users/Sean Mercer/Documents/GitHub/CardsForHumanity/Content/Fonts/ComputerFont/Dited.uasset" 288
"C:/Users/Sean Mercer/Documents/GitHub/CardsForHumanity/Content/Fonts/ComputerFont/Dited.uexp" 289
"C:/Users/Sean Mercer/Documents/GitHub/CardsForHumanity/Content/Fonts/ComputerFont/Dited.ufont" 290
"C:/Users/Sean Mercer/Documents/GitHub/CardsForHumanity/Content/Fonts/ComputerFont/Dited_Font.uasset" 291
"C:/Users/Sean Mercer/Documents/GitHub/CardsForHumanity/Content/Fonts/ComputerFont/Dited_Font.uexp" 292
"C:/Users/Sean Mercer/Documents/GitHub/CardsForHumanity/Content/Networking/Widgets/Widget_JoinMatchScreen.uasset" 293
"C:/Users/Sean Mercer/Documents/GitHub/CardsForHumanity/Content/Networking/Widgets/Widget_JoinMatchScreen.uexp" 294
"C:/Users/Sean Mercer/Documents/GitHub/CardsForHumanity/Content/Materials-Textures/Cyan.uasset" 295
"C:/Users/Sean Mercer/Documents/GitHub/CardsForHumanity/Content/Materials-Textures/Cyan.uexp" 296
"C:/Users/Sean Mercer/Documents/GitHub/CardsForHumanity/Content/Blueprints/CardStuff/Actor_CardFindGame_Child.uasset" 297
"C:/Users/Sean Mercer/Documents/GitHub/CardsForHumanity/Content/Blueprints/CardStuff/Actor_CardFindGame_Child.uexp" 298
"C:/Users/Sean Mercer/Documents/GitHub/CardsForHumanity/Content/Materials-Textures/LaughItUpCardDesign.uasset" 299
"C:/Users/Sean Mercer/Documents/GitHub/CardsForHumanity/Content/Materials-Textures/LaughItUpCardDesign.uexp" 300
"C:/Users/Sean Mercer/Documents/GitHub/CardsForHumanity/Content/Materials-Textures/LaughItUpCardDesign.ubulk" 301
"C:/Users/Sean Mercer/Documents/GitHub/CardsForHumanity/Content/Materials-Textures/LaughItUpCardDesign_Mat.uasset" 302
"C:/Users/Sean Mercer/Documents/GitHub/CardsForHumanity/Content/Materials-Textures/LaughItUpCardDesign_Mat.uexp" 303
"C:/Users/Sean Mercer/Documents/GitHub/CardsForHumanity/Content/Blueprints/CardStuff/Actor_CardDeckBuilder_Child.uasset" 304
"C:/Users/Sean Mercer/Documents/GitHub/CardsForHumanity/Content/Blueprints/CardStuff/Actor_CardDeckBuilder_Child.uexp" 305
"C:/Users/Sean Mercer/Documents/GitHub/CardsForHumanity/Content/Blueprints/GameModes-Controller/MainMenu/Pawn_MainMenuCamera.uasset" 306
"C:/Users/Sean Mercer/Documents/GitHub/CardsForHumanity/Content/Blueprints/GameModes-Controller/MainMenu/Pawn_MainMenuCamera.uexp" 307
"C:/Users/Sean Mercer/Documents/GitHub/CardsForHumanity/Content/Blueprints/GameModes-Controller/MainMenu/GM_MainMenu.uasset" 308
"C:/Users/Sean Mercer/Documents/GitHub/CardsForHumanity/Content/Blueprints/GameModes-Controller/MainMenu/GM_MainMenu.uexp" 309
"C:/Users/Sean Mercer/Documents/GitHub/CardsForHumanity/Content/Data/Libraries/BPML_WidgetMacros.uasset" 310
"C:/Users/Sean Mercer/Documents/GitHub/CardsForHumanity/Content/Data/Libraries/BPML_WidgetMacros.uexp" 311
"C:/Users/Sean Mercer/Documents/GitHub/CardsForHumanity/Content/Images/BlankCardPack_Placeholder.uasset" 312
"C:/Users/Sean Mercer/Documents/GitHub/CardsForHumanity/Content/Images/BlankCardPack_Placeholder.uexp" 313
"C:/Users/Sean Mercer/Documents/GitHub/CardsForHumanity/Content/Data/S_IntArray.uasset" 314
"C:/Users/Sean Mercer/Documents/GitHub/CardsForHumanity/Content/Data/S_IntArray.uexp" 315
"C:/Users/Sean Mercer/Documents/GitHub/CardsForHumanity/Content/Data/Libraries/BPFL_DeckOps.uasset" 316
"C:/Users/Sean Mercer/Documents/GitHub/CardsForHumanity/Content/Data/Libraries/BPFL_DeckOps.uexp" 317
"C:/Users/Sean Mercer/Documents/GitHub/CardsForHumanity/Content/Blueprints/CardStuff/Widget_DeckCreator_WhiteEdit.uasset" 318
"C:/Users/Sean Mercer/Documents/GitHub/CardsForHumanity/Content/Blueprints/CardStuff/Widget_DeckCreator_WhiteEdit.uexp" 319
"C:/Users/Sean Mercer/Documents/GitHub/CardsForHumanity/Content/Blueprints/CardStuff/Widget_DeckEditor_WhiteTextBox.uasset" 320
"C:/Users/Sean Mercer/Documents/GitHub/CardsForHumanity/Content/Blueprints/CardStuff/Widget_DeckEditor_WhiteTextBox.uexp" 321
"C:/Users/Sean Mercer/Documents/GitHub/CardsForHumanity/Content/Blueprints/CardStuff/Widget_DeckCreator_BlackEdit.uasset" 322
"C:/Users/Sean Mercer/Documents/GitHub/CardsForHumanity/Content/Blueprints/CardStuff/Widget_DeckCreator_BlackEdit.uexp" 323
"C:/Users/Sean Mercer/Documents/GitHub/CardsForHumanity/Content/Blueprints/CardStuff/Widget_DeckEditor_BlackTextBox.uasset" 324
"C:/Users/Sean Mercer/Documents/GitHub/CardsForHumanity/Content/Blueprints/CardStuff/Widget_DeckEditor_BlackTextBox.uexp" 325
"C:/Users/Sean Mercer/Documents/GitHub/CardsForHumanity/Content/Blueprints/CardStuff/Widget_DeckCreator_NameDeck_Rename.uasset" 326
"C:/Users/Sean Mercer/Documents/GitHub/CardsForHumanity/Content/Blueprints/CardStuff/Widget_DeckCreator_NameDeck_Rename.uexp" 327
"C:/Users/Sean Mercer/Documents/GitHub/CardsForHumanity/Content/Blueprints/CardStuff/Widget_DeckCreator_AddCard.uasset" 328
"C:/Users/Sean Mercer/Documents/GitHub/CardsForHumanity/Content/Blueprints/CardStuff/Widget_DeckCreator_AddCard.uexp" 329
"C:/Users/Sean Mercer/Documents/GitHub/CardsForHumanity/Content/Blueprints/CardStuff/Widget_DeckEditor_Breakdown.uasset" 330
"C:/Users/Sean Mercer/Documents/GitHub/CardsForHumanity/Content/Blueprints/CardStuff/Widget_DeckEditor_Breakdown.uexp" 331
"C:/Users/Sean Mercer/Documents/GitHub/CardsForHumanity/Content/Blueprints/CardStuff/Widget_DeckEditor_DeckInfo_Testing.uasset" 332
"C:/Users/Sean Mercer/Documents/GitHub/CardsForHumanity/Content/Blueprints/CardStuff/Widget_DeckEditor_DeckInfo_Testing.uexp" 333
"C:/Users/Sean Mercer/Documents/GitHub/CardsForHumanity/Content/Blueprints/CardStuff/Widget_DeckEditor_DeckInfo.uasset" 334
"C:/Users/Sean Mercer/Documents/GitHub/CardsForHumanity/Content/Blueprints/CardStuff/Widget_DeckEditor_DeckInfo.uexp" 335
"C:/Users/Sean Mercer/Documents/GitHub/CardsForHumanity/Content/Blueprints/CardStuff/Widget_DeckEditor.uasset" 336
"C:/Users/Sean Mercer/Documents/GitHub/CardsForHumanity/Content/Blueprints/CardStuff/Widget_DeckEditor.uexp" 337
"C:/Users/Sean Mercer/Documents/GitHub/CardsForHumanity/Content/Blueprints/CardStuff/Widget_ForgeOptions.uasset" 338
"C:/Users/Sean Mercer/Documents/GitHub/CardsForHumanity/Content/Blueprints/CardStuff/Widget_ForgeOptions.uexp" 339
"C:/Users/Sean Mercer/Documents/GitHub/CardsForHumanity/Content/Blueprints/CardStuff/Widget_DeckCreator.uasset" 340
"C:/Users/Sean Mercer/Documents/GitHub/CardsForHumanity/Content/Blueprints/CardStuff/Widget_DeckCreator.uexp" 341
"C:/Users/Sean Mercer/Documents/GitHub/CardsForHumanity/Content/Blueprints/CardStuff/Widget_OptionsMenu.uasset" 342
"C:/Users/Sean Mercer/Documents/GitHub/CardsForHumanity/Content/Blueprints/CardStuff/Widget_OptionsMenu.uexp" 343
"../../../Engine/Content/EngineMaterials/DefaultMaterial.uasset" 344
"../../../Engine/Content/EngineMaterials/DefaultMaterial.uexp" 345
"../../../Engine/Content/BasicShapes/Sphere.uasset" 346
"../../../Engine/Content/BasicShapes/Sphere.uexp" 347
"../../../Engine/Content/Functions/Engine_MaterialFunctions02/SafeNormalize.uasset" 348
"../../../Engine/Content/Functions/Engine_MaterialFunctions02/SafeNormalize.uexp" 349
"../../../Engine/Content/EditorMaterials/Cloth/CameraLitDoubleSided.uasset" 350
"../../../Engine/Content/EditorMaterials/Cloth/CameraLitDoubleSided.uexp" 351
"C:/Users/Sean Mercer/Documents/GitHub/CardsForHumanity/Content/Networking/CharacterTest.uasset" 352
"C:/Users/Sean Mercer/Documents/GitHub/CardsForHumanity/Content/Networking/CharacterTest.uexp" 353
"C:/Users/Sean Mercer/Documents/GitHub/CardsForHumanity/Content/Networking/Widgets/Widget_Lobby_Checkbox.uasset" 354
"C:/Users/Sean Mercer/Documents/GitHub/CardsForHumanity/Content/Networking/Widgets/Widget_Lobby_Checkbox.uexp" 355
"../../../Engine/Content/EngineFonts/Faces/DroidSansMono.uasset" 356
"../../../Engine/Content/EngineFonts/Faces/DroidSansMono.uexp" 357
"../../../Engine/Content/EngineFonts/Faces/DroidSansMono.ufont" 358
"../../../Engine/Content/EngineFonts/DroidSansMono.uasset" 359
"../../../Engine/Content/EngineFonts/DroidSansMono.uexp" 360
"C:/Users/Sean Mercer/Documents/GitHub/CardsForHumanity/Content/Networking/Widgets/Widget_BasicLoadingScreen.uasset" 361
"C:/Users/Sean Mercer/Documents/GitHub/CardsForHumanity/Content/Networking/Widgets/Widget_BasicLoadingScreen.uexp" 362
"C:/Users/Sean Mercer/Documents/GitHub/CardsForHumanity/Content/Networking/Widgets/Widget_LobbyHostScreen.uasset" 363
"C:/Users/Sean Mercer/Documents/GitHub/CardsForHumanity/Content/Networking/Widgets/Widget_LobbyHostScreen.uexp" 364
"C:/Users/Sean Mercer/Documents/GitHub/CardsForHumanity/Content/Networking/Widgets/Widget_LobbyClientScreen.uasset" 365
"C:/Users/Sean Mercer/Documents/GitHub/CardsForHumanity/Content/Networking/Widgets/Widget_LobbyClientScreen.uexp" 366
"C:/Users/Sean Mercer/Documents/GitHub/CardsForHumanity/Content/Blueprints/GameModes-Controller/MultiplayerLobby/PC_Lobby.uasset" 367
"C:/Users/Sean Mercer/Documents/GitHub/CardsForHumanity/Content/Blueprints/GameModes-Controller/MultiplayerLobby/PC_Lobby.uexp" 368
"C:/Users/Sean Mercer/Documents/GitHub/CardsForHumanity/Content/Blueprints/GameModes-Controller/MultiplayerLobby/GS_Lobby.uasset" 369
"C:/Users/Sean Mercer/Documents/GitHub/CardsForHumanity/Content/Blueprints/GameModes-Controller/MultiplayerLobby/GS_Lobby.uexp" 370
"C:/Users/Sean Mercer/Documents/GitHub/CardsForHumanity/Content/Blueprints/GameModes-Controller/MultiplayerLobby/PS_Lobby.uasset" 371
"C:/Users/Sean Mercer/Documents/GitHub/CardsForHumanity/Content/Blueprints/GameModes-Controller/MultiplayerLobby/PS_Lobby.uexp" 372
"C:/Users/Sean Mercer/Documents/GitHub/CardsForHumanity/Content/Blueprints/GameModes-Controller/MultiplayerLobby/GM_Lobby.uasset" 373
"C:/Users/Sean Mercer/Documents/GitHub/CardsForHumanity/Content/Blueprints/GameModes-Controller/MultiplayerLobby/GM_Lobby.uexp" 374
"C:/Users/Sean Mercer/Documents/GitHub/CardsForHumanity/Content/Fonts/CAH_SimilarFont_2/Muli.uasset" 375
"C:/Users/Sean Mercer/Documents/GitHub/CardsForHumanity/Content/Fonts/CAH_SimilarFont_2/Muli.uexp" 376
"C:/Users/Sean Mercer/Documents/GitHub/CardsForHumanity/Content/Fonts/CAH_SimilarFont_2/Muli.ufont" 377
"C:/Users/Sean Mercer/Documents/GitHub/CardsForHumanity/Content/Fonts/CAH_SimilarFont_2/Muli-SemiBold.uasset" 378
"C:/Users/Sean Mercer/Documents/GitHub/CardsForHumanity/Content/Fonts/CAH_SimilarFont_2/Muli-SemiBold.uexp" 379
"C:/Users/Sean Mercer/Documents/GitHub/CardsForHumanity/Content/Fonts/CAH_SimilarFont_2/Muli-SemiBold.ufont" 380
"C:/Users/Sean Mercer/Documents/GitHub/CardsForHumanity/Content/Fonts/CAH_SimilarFont_2/Muli-Semi-BoldItalic.uasset" 381
"C:/Users/Sean Mercer/Documents/GitHub/CardsForHumanity/Content/Fonts/CAH_SimilarFont_2/Muli-Semi-BoldItalic.uexp" 382
"C:/Users/Sean Mercer/Documents/GitHub/CardsForHumanity/Content/Fonts/CAH_SimilarFont_2/Muli-Semi-BoldItalic.ufont" 383
"C:/Users/Sean Mercer/Documents/GitHub/CardsForHumanity/Content/Fonts/CAH_SimilarFont_2/Muli-LightItalic.uasset" 384
"C:/Users/Sean Mercer/Documents/GitHub/CardsForHumanity/Content/Fonts/CAH_SimilarFont_2/Muli-LightItalic.uexp" 385
"C:/Users/Sean Mercer/Documents/GitHub/CardsForHumanity/Content/Fonts/CAH_SimilarFont_2/Muli-LightItalic.ufont" 386
"C:/Users/Sean Mercer/Documents/GitHub/CardsForHumanity/Content/Fonts/CAH_SimilarFont_2/Muli-Light.uasset" 387
"C:/Users/Sean Mercer/Documents/GitHub/CardsForHumanity/Content/Fonts/CAH_SimilarFont_2/Muli-Light.uexp" 388
"C:/Users/Sean Mercer/Documents/GitHub/CardsForHumanity/Content/Fonts/CAH_SimilarFont_2/Muli-Light.ufont" 389
"C:/Users/Sean Mercer/Documents/GitHub/CardsForHumanity/Content/Fonts/CAH_SimilarFont_2/Muli-Italic.uasset" 390
"C:/Users/Sean Mercer/Documents/GitHub/CardsForHumanity/Content/Fonts/CAH_SimilarFont_2/Muli-Italic.uexp" 391
"C:/Users/Sean Mercer/Documents/GitHub/CardsForHumanity/Content/Fonts/CAH_SimilarFont_2/Muli-Italic.ufont" 392
"C:/Users/Sean Mercer/Documents/GitHub/CardsForHumanity/Content/Fonts/CAH_SimilarFont_2/Muli-ExtraLightItalic.uasset" 393
"C:/Users/Sean Mercer/Documents/GitHub/CardsForHumanity/Content/Fonts/CAH_SimilarFont_2/Muli-ExtraLightItalic.uexp" 394
"C:/Users/Sean Mercer/Documents/GitHub/CardsForHumanity/Content/Fonts/CAH_SimilarFont_2/Muli-ExtraLightItalic.ufont" 395
"C:/Users/Sean Mercer/Documents/GitHub/CardsForHumanity/Content/Fonts/CAH_SimilarFont_2/Muli-ExtraLight.uasset" 396
"C:/Users/Sean Mercer/Documents/GitHub/CardsForHumanity/Content/Fonts/CAH_SimilarFont_2/Muli-ExtraLight.uexp" 397
"C:/Users/Sean Mercer/Documents/GitHub/CardsForHumanity/Content/Fonts/CAH_SimilarFont_2/Muli-ExtraLight.ufont" 398
"C:/Users/Sean Mercer/Documents/GitHub/CardsForHumanity/Content/Fonts/CAH_SimilarFont_2/Muli-BoldItalic.uasset" 399
"C:/Users/Sean Mercer/Documents/GitHub/CardsForHumanity/Content/Fonts/CAH_SimilarFont_2/Muli-BoldItalic.uexp" 400
"C:/Users/Sean Mercer/Documents/GitHub/CardsForHumanity/Content/Fonts/CAH_SimilarFont_2/Muli-BoldItalic.ufont" 401
"C:/Users/Sean Mercer/Documents/GitHub/CardsForHumanity/Content/Fonts/CAH_SimilarFont_2/Muli-Bold.uasset" 402
"C:/Users/Sean Mercer/Documents/GitHub/CardsForHumanity/Content/Fonts/CAH_SimilarFont_2/Muli-Bold.uexp" 403
"C:/Users/Sean Mercer/Documents/GitHub/CardsForHumanity/Content/Fonts/CAH_SimilarFont_2/Muli-Bold.ufont" 404
"C:/Users/Sean Mercer/Documents/GitHub/CardsForHumanity/Content/Fonts/CAH_SimilarFont_2/Muli_Font.uasset" 405
"C:/Users/Sean Mercer/Documents/GitHub/CardsForHumanity/Content/Fonts/CAH_SimilarFont_2/Muli_Font.uexp" 406
"C:/Users/Sean Mercer/Documents/GitHub/CardsForHumanity/Content/Images/CarPackIcon.uasset" 407
"C:/Users/Sean Mercer/Documents/GitHub/CardsForHumanity/Content/Images/CarPackIcon.uexp" 408
"C:/Users/Sean Mercer/Documents/GitHub/CardsForHumanity/Content/Images/FartPackIcon.uasset" 409
"C:/Users/Sean Mercer/Documents/GitHub/CardsForHumanity/Content/Images/FartPackIcon.uexp" 410
"C:/Users/Sean Mercer/Documents/GitHub/CardsForHumanity/Content/Images/GamePackIcon.uasset" 411
"C:/Users/Sean Mercer/Documents/GitHub/CardsForHumanity/Content/Images/GamePackIcon.uexp" 412
"C:/Users/Sean Mercer/Documents/GitHub/CardsForHumanity/Content/Images/MoviePackIcon.uasset" 413
"C:/Users/Sean Mercer/Documents/GitHub/CardsForHumanity/Content/Images/MoviePackIcon.uexp" 414
"C:/Users/Sean Mercer/Documents/GitHub/CardsForHumanity/Content/Images/PlusAndMinus.uasset" 415
"C:/Users/Sean Mercer/Documents/GitHub/CardsForHumanity/Content/Images/PlusAndMinus.uexp" 416
"C:/Users/Sean Mercer/Documents/GitHub/CardsForHumanity/Content/Materials-Textures/Blue.uasset" 417
"C:/Users/Sean Mercer/Documents/GitHub/CardsForHumanity/Content/Materials-Textures/Blue.uexp" 418
"../../../Engine/Content/Functions/Engine_MaterialFunctions02/SampleSceneDepth.uasset" 419
"../../../Engine/Content/Functions/Engine_MaterialFunctions02/SampleSceneDepth.uexp" 420
"../../../Engine/Content/Functions/Engine_MaterialFunctions01/Texturing/BitMask.uasset" 421
"../../../Engine/Content/Functions/Engine_MaterialFunctions01/Texturing/BitMask.uexp" 422
"../../../Engine/Content/Functions/Engine_MaterialFunctions01/ImageAdjustment/BlurSampleOffsets.uasset" 423
"../../../Engine/Content/Functions/Engine_MaterialFunctions01/ImageAdjustment/BlurSampleOffsets.uexp" 424
"C:/Users/Sean Mercer/Documents/GitHub/CardsForHumanity/Content/Materials-Textures/M_Outline.uasset" 425
"C:/Users/Sean Mercer/Documents/GitHub/CardsForHumanity/Content/Materials-Textures/M_Outline.uexp" 426
"C:/Users/Sean Mercer/Documents/GitHub/CardsForHumanity/Content/Materials-Textures/Pink.uasset" 427
"C:/Users/Sean Mercer/Documents/GitHub/CardsForHumanity/Content/Materials-Textures/Pink.uexp" 428
"C:/Users/Sean Mercer/Documents/GitHub/CardsForHumanity/Content/Materials-Textures/Yellow.uasset" 429
"C:/Users/Sean Mercer/Documents/GitHub/CardsForHumanity/Content/Materials-Textures/Yellow.uexp" 430
"C:/Users/Sean Mercer/Documents/GitHub/CardsForHumanity/Content/Meshes/SM_Card_Placeholder.uasset" 431
"C:/Users/Sean Mercer/Documents/GitHub/CardsForHumanity/Content/Meshes/SM_Card_Placeholder.uexp" 432
"C:/Users/Sean Mercer/Documents/GitHub/CardsForHumanity/Content/Meshes/SM_CardWithCollision.uasset" 433
"C:/Users/Sean Mercer/Documents/GitHub/CardsForHumanity/Content/Meshes/SM_CardWithCollision.uexp" 434
"C:/Users/Sean Mercer/Documents/GitHub/CardsForHumanity/Content/Networking/Actor_Card_BlackCardTest.uasset" 435
"C:/Users/Sean Mercer/Documents/GitHub/CardsForHumanity/Content/Networking/Actor_Card_BlackCardTest.uexp" 436
"../../../Engine/Content/ArtTools/RenderToTexture/Meshes/S_1_Unit_Plane.uasset" 437
"../../../Engine/Content/ArtTools/RenderToTexture/Meshes/S_1_Unit_Plane.uexp" 438
"../../../Engine/Content/BasicShapes/Cone.uasset" 439
"../../../Engine/Content/BasicShapes/Cone.uexp" 440
"../../../Engine/Content/EditorLandscapeResources/DataLayer.uasset" 441
"../../../Engine/Content/EditorLandscapeResources/DataLayer.uexp" 442
"../../../Engine/Content/EditorLandscapeResources/DefaultAlphaTexture.uasset" 443
"../../../Engine/Content/EditorLandscapeResources/DefaultAlphaTexture.uexp" 444
"../../../Engine/Content/EditorMaterials/MAT_Groups_Toggle.uasset" 445
"../../../Engine/Content/EditorMaterials/MAT_Groups_Toggle.uexp" 446
"../../../Engine/Content/EditorMaterials/MAT_Groups_Visibility.uasset" 447
"../../../Engine/Content/EditorMaterials/MAT_Groups_Visibility.uexp" 448
"../../../Engine/Content/EditorMaterials/PreviewShadowIndicator.uasset" 449
"../../../Engine/Content/EditorMaterials/PreviewShadowIndicator.uexp" 450
"../../../Engine/Content/EditorMaterials/PreviewShadowIndicator.ubulk" 451
"../../../Engine/Content/EditorMaterials/PreviewShadowIndicatorMaterial.uasset" 452
"../../../Engine/Content/EditorMaterials/PreviewShadowIndicatorMaterial.uexp" 453
"../../../Engine/Content/EditorMaterials/MatineeGroups/MAT_ColorTrack.uasset" 454
"../../../Engine/Content/EditorMaterials/MatineeGroups/MAT_ColorTrack.uexp" 455
"../../../Engine/Content/EditorMaterials/MatineeGroups/MAT_Groups_Anim.uasset" 456
"../../../Engine/Content/EditorMaterials/MatineeGroups/MAT_Groups_Anim.uexp" 457
"../../../Engine/Content/EditorMaterials/MatineeGroups/MAT_Groups_AudioMaster.uasset" 458
"../../../Engine/Content/EditorMaterials/MatineeGroups/MAT_Groups_AudioMaster.uexp" 459
"../../../Engine/Content/EditorMaterials/MatineeGroups/MAT_Groups_Director.uasset" 460
"../../../Engine/Content/EditorMaterials/MatineeGroups/MAT_Groups_Director.uexp" 461
"../../../Engine/Content/EditorMaterials/MatineeGroups/MAT_Groups_Event.uasset" 462
"../../../Engine/Content/EditorMaterials/MatineeGroups/MAT_Groups_Event.uexp" 463
"../../../Engine/Content/EditorMaterials/MatineeGroups/MAT_Groups_Fade.uasset" 464
"../../../Engine/Content/EditorMaterials/MatineeGroups/MAT_Groups_Fade.uexp" 465
"../../../Engine/Content/EditorMaterials/MatineeGroups/MAT_Groups_Float.uasset" 466
"../../../Engine/Content/EditorMaterials/MatineeGroups/MAT_Groups_Float.uexp" 467
"../../../Engine/Content/EditorMaterials/MatineeGroups/MAT_Groups_Move.uasset" 468
"../../../Engine/Content/EditorMaterials/MatineeGroups/MAT_Groups_Move.uexp" 469
"../../../Engine/Content/EditorMaterials/MatineeGroups/MAT_Groups_Slomo.uasset" 470
"../../../Engine/Content/EditorMaterials/MatineeGroups/MAT_Groups_Slomo.uexp" 471
"../../../Engine/Content/EditorMaterials/MatineeGroups/MAT_Groups_Sound.uasset" 472
"../../../Engine/Content/EditorMaterials/MatineeGroups/MAT_Groups_Sound.uexp" 473
"../../../Engine/Content/EditorMaterials/MatineeGroups/MAT_Groups_Vector.uasset" 474
"../../../Engine/Content/EditorMaterials/MatineeGroups/MAT_Groups_Vector.uexp" 475
"../../../Engine/Content/EditorMaterials/ParticleSystems/PSysThumbnail_NoImage.uasset" 476
"../../../Engine/Content/EditorMaterials/ParticleSystems/PSysThumbnail_NoImage.uexp" 477
"../../../Engine/Content/EditorMaterials/ParticleSystems/PSysThumbnail_NoImage.ubulk" 478
"../../../Engine/Content/EditorMaterials/ParticleSystems/PSysThumbnail_OOD.uasset" 479
"../../../Engine/Content/EditorMaterials/ParticleSystems/PSysThumbnail_OOD.uexp" 480
"../../../Engine/Content/EditorMaterials/ParticleSystems/PSysThumbnail_OOD.ubulk" 481
"../../../Engine/Content/EditorMaterials/Camera/CineMat.uasset" 482
"../../../Engine/Content/EditorMaterials/Camera/CineMat.uexp" 483
"../../../Engine/Content/EditorMaterials/Camera/MI_CineMat_Rig.uasset" 484
"../../../Engine/Content/EditorMaterials/Camera/MI_CineMat_Rig.uexp" 485
"../../../Engine/Content/EditorMeshes/Camera/SM_CraneRig_Arm.uasset" 486
"../../../Engine/Content/EditorMeshes/Camera/SM_CraneRig_Arm.uexp" 487
"../../../Engine/Content/EditorMeshes/Camera/SM_CraneRig_Base.uasset" 488
"../../../Engine/Content/EditorMeshes/Camera/SM_CraneRig_Base.uexp" 489
"../../../Engine/Content/EditorMeshes/Camera/SM_CraneRig_Body.uasset" 490
"../../../Engine/Content/EditorMeshes/Camera/SM_CraneRig_Body.uexp" 491
"../../../Engine/Content/EditorMeshes/Camera/SM_CraneRig_Mount.uasset" 492
"../../../Engine/Content/EditorMeshes/Camera/SM_CraneRig_Mount.uexp" 493
"../../../Engine/Content/EditorMeshes/Camera/SM_RailRig_Mount.uasset" 494
"../../../Engine/Content/EditorMeshes/Camera/SM_RailRig_Mount.uexp" 495
"../../../Engine/Content/EditorMeshes/Camera/SM_RailRig_Track.uasset" 496
"../../../Engine/Content/EditorMeshes/Camera/SM_RailRig_Track.uexp" 497
"../../../Engine/Content/EditorResources/BSPVertex.uasset" 498
"../../../Engine/Content/EditorResources/BSPVertex.uexp" 499
"../../../Engine/Content/EditorResources/EmptyActor.uasset" 500
"../../../Engine/Content/EditorResources/EmptyActor.uexp" 501
"../../../Engine/Content/EditorResources/S_Actor.uasset" 502
"../../../Engine/Content/EditorResources/S_Actor.uexp" 503
"../../../Engine/Content/EditorResources/S_Actor.ubulk" 504
"../../../Engine/Content/EditorResources/S_Note.uasset" 505
"../../../Engine/Content/EditorResources/S_Note.uexp" 506
"../../../Engine/Content/EditorResources/S_Note.ubulk" 507
"../../../Engine/Content/EditorResources/S_Solver.uasset" 508
"../../../Engine/Content/EditorResources/S_Solver.uexp" 509
"../../../Engine/Content/EditorResources/S_Solver.ubulk" 510
"../../../Engine/Content/EditorResources/S_Terrain.uasset" 511
"../../../Engine/Content/EditorResources/S_Terrain.uexp" 512
"../../../Engine/Content/EditorResources/S_Terrain.ubulk" 513
"../../../Engine/Content/EditorResources/S_Trigger.uasset" 514
"../../../Engine/Content/EditorResources/S_Trigger.uexp" 515
"../../../Engine/Content/EditorResources/S_Trigger.ubulk" 516
"../../../Engine/Content/EditorResources/LightIcons/S_LightError.uasset" 517
"../../../Engine/Content/EditorResources/LightIcons/S_LightError.uexp" 518
"../../../Engine/Content/EditorResources/SequenceRecorder/Countdown.uasset" 519
"../../../Engine/Content/EditorResources/SequenceRecorder/Countdown.uexp" 520
"../../../Engine/Content/EditorResources/SequenceRecorder/RecordingIndicator.uasset" 521
"../../../Engine/Content/EditorResources/SequenceRecorder/RecordingIndicator.uexp" 522
"../../../Engine/Content/EngineDamageTypes/DmgTypeBP_Environmental.uasset" 523
"../../../Engine/Content/EngineDamageTypes/DmgTypeBP_Environmental.uexp" 524
"../../../Engine/Content/EngineDebugMaterials/DebugEditorMaterial.uasset" 525
"../../../Engine/Content/EngineDebugMaterials/DebugEditorMaterial.uexp" 526
"../../../Engine/Content/EngineDebugMaterials/DebugMeshMaterial.uasset" 527
"../../../Engine/Content/EngineDebugMaterials/DebugMeshMaterial.uexp" 528
"../../../Engine/Content/EngineDebugMaterials/M_SimpleUnlitTranslucent.uasset" 529
"../../../Engine/Content/EngineDebugMaterials/M_SimpleUnlitTranslucent.uexp" 530
"../../../Engine/Content/EngineDebugMaterials/VolumeToRender.uasset" 531
"../../../Engine/Content/EngineDebugMaterials/VolumeToRender.uexp" 532
"../../../Engine/Content/Functions/Engine_MaterialFunctions02/Utility/CameraDirectionVector.uasset" 533
"../../../Engine/Content/Functions/Engine_MaterialFunctions02/Utility/CameraDirectionVector.uexp" 534
"../../../Engine/Content/EngineDebugMaterials/M_VolumeRenderSphereTracePP.uasset" 535
"../../../Engine/Content/EngineDebugMaterials/M_VolumeRenderSphereTracePP.uexp" 536
"../../../Engine/Content/Functions/Engine_MaterialFunctions01/Shading/ConvertFromDiffSpec.uasset" 537
"../../../Engine/Content/Functions/Engine_MaterialFunctions01/Shading/ConvertFromDiffSpec.uexp" 538
"../../../Engine/Content/EngineDebugMaterials/VertexColorMaterial.uasset" 539
"../../../Engine/Content/EngineDebugMaterials/VertexColorMaterial.uexp" 540
"../../../Engine/Content/EngineDebugMaterials/WireframeMaterial.uasset" 541
"../../../Engine/Content/EngineDebugMaterials/WireframeMaterial.uexp" 542
"../../../Engine/Content/EngineMaterials/BaseFlattenNormalMap.uasset" 543
"../../../Engine/Content/EngineMaterials/BaseFlattenNormalMap.uexp" 544
"../../../Engine/Content/EngineMaterials/BaseFlattenGrayscaleMap.uasset" 545
"../../../Engine/Content/EngineMaterials/BaseFlattenGrayscaleMap.uexp" 546
"../../../Engine/Content/EngineMaterials/BaseFlattenEmissiveMap.uasset" 547
"../../../Engine/Content/EngineMaterials/BaseFlattenEmissiveMap.uexp" 548
"../../../Engine/Content/EngineMaterials/BaseFlattenDiffuseMap.uasset" 549
"../../../Engine/Content/EngineMaterials/BaseFlattenDiffuseMap.uexp" 550
"../../../Engine/Content/EngineMaterials/BaseFlattenMaterial.uasset" 551
"../../../Engine/Content/EngineMaterials/BaseFlattenMaterial.uexp" 552
"../../../Engine/Content/EngineMaterials/BlueNoise.uasset" 553
"../../../Engine/Content/EngineMaterials/BlueNoise.uexp" 554
"../../../Engine/Content/EngineMaterials/DefaultBloomKernel.uasset" 555
"../../../Engine/Content/EngineMaterials/DefaultBloomKernel.uexp" 556
"../../../Engine/Content/EngineMaterials/DefaultBokeh.uasset" 557
"../../../Engine/Content/EngineMaterials/DefaultBokeh.uexp" 558
"../../../Engine/Content/EngineMaterials/DefaultDiffuse.uasset" 559
"../../../Engine/Content/EngineMaterials/DefaultDiffuse.uexp" 560
"../../../Engine/Content/EngineMaterials/DefaultDiffuse.ubulk" 561
"../../../Engine/Content/EngineMaterials/DefaultDeferredDecalMaterial.uasset" 562
"../../../Engine/Content/EngineMaterials/DefaultDeferredDecalMaterial.uexp" 563
"../../../Engine/Content/EngineMaterials/DefaultLightFunctionMaterial.uasset" 564
"../../../Engine/Content/EngineMaterials/DefaultLightFunctionMaterial.uexp" 565
"../../../Engine/Content/EngineMaterials/DefaultPhysicalMaterial.uasset" 566
"../../../Engine/Content/EngineMaterials/DefaultPhysicalMaterial.uexp" 567
"../../../Engine/Content/Functions/Engine_MaterialFunctions02/Utility/BreakOutFloat2Components.uasset" 568
"../../../Engine/Content/Functions/Engine_MaterialFunctions02/Utility/BreakOutFloat2Components.uexp" 569
"../../../Engine/Content/EngineMaterials/DefaultPostProcessMaterial.uasset" 570
"../../../Engine/Content/EngineMaterials/DefaultPostProcessMaterial.uexp" 571
"../../../Engine/Content/EngineFonts/RobotoDistanceField.uasset" 572
"../../../Engine/Content/EngineFonts/RobotoDistanceField.uexp" 573
"../../../Engine/Content/EngineMaterials/DefaultTextMaterialOpaque.uasset" 574
"../../../Engine/Content/EngineMaterials/DefaultTextMaterialOpaque.uexp" 575
"../../../Engine/Content/EngineMaterials/DefaultWhiteGrid.uasset" 576
"../../../Engine/Content/EngineMaterials/DefaultWhiteGrid.uexp" 577
"../../../Engine/Content/EngineMaterials/DefaultWhiteGrid.ubulk" 578
"../../../Engine/Content/EngineMaterials/DefaultWhiteGrid_Low.uasset" 579
"../../../Engine/Content/EngineMaterials/DefaultWhiteGrid_Low.uexp" 580
"../../../Engine/Content/EngineMaterials/EmissiveMeshMaterial.uasset" 581
"../../../Engine/Content/EngineMaterials/EmissiveMeshMaterial.uexp" 582
"../../../Engine/Content/EngineMaterials/GizmoMaterial.uasset" 583
"../../../Engine/Content/EngineMaterials/GizmoMaterial.uexp" 584
"../../../Engine/Content/EngineMaterials/Good64x64TilingNoiseHighFreq.uasset" 585
"../../../Engine/Content/EngineMaterials/Good64x64TilingNoiseHighFreq.uexp" 586
"../../../Engine/Content/EngineMaterials/MiniFont.uasset" 587
"../../../Engine/Content/EngineMaterials/MiniFont.uexp" 588
"../../../Engine/Content/EngineMaterials/InvalidLightmapSettings.uasset" 589
"../../../Engine/Content/EngineMaterials/InvalidLightmapSettings.uexp" 590
"../../../Engine/Content/EngineMaterials/InvalidLightmapSettings.ubulk" 591
"../../../Engine/Content/EngineMaterials/M_InvalidLightmapSettings.uasset" 592
"../../../Engine/Content/EngineMaterials/M_InvalidLightmapSettings.uexp" 593
"../../../Engine/Content/Functions/Engine_MaterialFunctions02/WorldPositionOffset/CameraOffset.uasset" 594
"../../../Engine/Content/Functions/Engine_MaterialFunctions02/WorldPositionOffset/CameraOffset.uexp" 595
"../../../Engine/Content/EngineMaterials/PhAT_JointLimitMaterial.uasset" 596
"../../../Engine/Content/EngineMaterials/PhAT_JointLimitMaterial.uexp" 597
"../../../Engine/Content/EngineMaterials/DefaultCalibrationColor.uasset" 598
"../../../Engine/Content/EngineMaterials/DefaultCalibrationColor.uexp" 599
"../../../Engine/Content/EngineMaterials/PPM_DefaultCalibrationColor.uasset" 600
"../../../Engine/Content/EngineMaterials/PPM_DefaultCalibrationColor.uexp" 601
"../../../Engine/Content/EngineMaterials/DefaultCalibrationGrayscale.uasset" 602
"../../../Engine/Content/EngineMaterials/DefaultCalibrationGrayscale.uexp" 603
"../../../Engine/Content/EngineMaterials/PPM_DefaultCalibrationGrayscale.uasset" 604
"../../../Engine/Content/EngineMaterials/PPM_DefaultCalibrationGrayscale.uexp" 605
"../../../Engine/Content/EngineMaterials/PreintegratedSkinBRDF.uasset" 606
"../../../Engine/Content/EngineMaterials/PreintegratedSkinBRDF.uexp" 607
"../../../Engine/Content/EngineMaterials/RemoveSurfaceMaterial.uasset" 608
"../../../Engine/Content/EngineMaterials/RemoveSurfaceMaterial.uexp" 609
"../../../Engine/Content/EngineMaterials/WeightMapPlaceholderTexture.uasset" 610
"../../../Engine/Content/EngineMaterials/WeightMapPlaceholderTexture.uexp" 611
"../../../Engine/Content/EngineResources/WhiteSquareTexture.uasset" 612
"../../../Engine/Content/EngineResources/WhiteSquareTexture.uexp" 613
"../../../Engine/Content/EngineMaterials/Widget3DPassThrough.uasset" 614
"../../../Engine/Content/EngineMaterials/Widget3DPassThrough.uexp" 615
"../../../Engine/Content/EngineMaterials/Widget3DPassThrough_Masked.uasset" 616
"../../../Engine/Content/EngineMaterials/Widget3DPassThrough_Masked.uexp" 617
"../../../Engine/Content/EngineMaterials/Widget3DPassThrough_Opaque.uasset" 618
"../../../Engine/Content/EngineMaterials/Widget3DPassThrough_Opaque.uexp" 619
"../../../Engine/Content/EngineMaterials/Widget3DPassThrough_Masked_OneSided.uasset" 620
"../../../Engine/Content/EngineMaterials/Widget3DPassThrough_Masked_OneSided.uexp" 621
"../../../Engine/Content/EngineMaterials/Widget3DPassThrough_Opaque_OneSided.uasset" 622
"../../../Engine/Content/EngineMaterials/Widget3DPassThrough_Opaque_OneSided.uexp" 623
"../../../Engine/Content/EngineMaterials/Widget3DPassThrough_Translucent.uasset" 624
"../../../Engine/Content/EngineMaterials/Widget3DPassThrough_Translucent.uexp" 625
"../../../Engine/Content/EngineMaterials/Widget3DPassThrough_Translucent_OneSided.uasset" 626
"../../../Engine/Content/EngineMaterials/Widget3DPassThrough_Translucent_OneSided.uexp" 627
"../../../Engine/Content/EngineMeshes/Cylinder.uasset" 628
"../../../Engine/Content/EngineMeshes/Cylinder.uexp" 629
"../../../Engine/Content/EngineMeshes/Sphere.uasset" 630
"../../../Engine/Content/EngineMeshes/Sphere.uexp" 631
"../../../Engine/Content/EngineResources/DefaultTexture.uasset" 632
"../../../Engine/Content/EngineResources/DefaultTexture.uexp" 633
"../../../Engine/Content/EngineResources/DefaultTexture.ubulk" 634
"../../../Engine/Content/EngineResources/DefaultTextureCube.uasset" 635
"../../../Engine/Content/EngineResources/DefaultTextureCube.uexp" 636
"../../../Engine/Content/EngineResources/DefaultVolumeTexture2D.uasset" 637
"../../../Engine/Content/EngineResources/DefaultVolumeTexture2D.uexp" 638
"../../../Engine/Content/EngineResources/DefaultVolumeTexture.uasset" 639
"../../../Engine/Content/EngineResources/DefaultVolumeTexture.uexp" 640
"../../../Engine/Content/EngineResources/GradientTexture0.uasset" 641
"../../../Engine/Content/EngineResources/GradientTexture0.uexp" 642
"../../../Engine/Content/EngineSky/VolumetricClouds/T_NoiseShape64.uasset" 643
"../../../Engine/Content/EngineSky/VolumetricClouds/T_NoiseShape64.uexp" 644
"../../../Engine/Content/EngineSky/VolumetricClouds/T_NoiseShape64.ubulk" 645
"../../../Engine/Content/EngineSky/VolumetricClouds/T_VolumeNoiseShape64.uasset" 646
"../../../Engine/Content/EngineSky/VolumetricClouds/T_VolumeNoiseShape64.uexp" 647
"../../../Engine/Content/EngineSky/VolumetricClouds/T_NoiseErosion.uasset" 648
"../../../Engine/Content/EngineSky/VolumetricClouds/T_NoiseErosion.uexp" 649
"../../../Engine/Content/EngineSky/VolumetricClouds/T_NoiseErosion.ubulk" 650
"../../../Engine/Content/EngineSky/VolumetricClouds/T_VolumeNoiseErosion32.uasset" 651
"../../../Engine/Content/EngineSky/VolumetricClouds/T_VolumeNoiseErosion32.uexp" 652
"../../../Engine/Content/EngineSky/VolumetricClouds/CloudWeatherTexture.uasset" 653
"../../../Engine/Content/EngineSky/VolumetricClouds/CloudWeatherTexture.uexp" 654
"../../../Engine/Content/EngineSky/VolumetricClouds/CloudGradientTexture.uasset" 655
"../../../Engine/Content/EngineSky/VolumetricClouds/CloudGradientTexture.uexp" 656
"../../../Engine/Content/Functions/Engine_MaterialFunctions02/Utility/MakeFloat2.uasset" 657
"../../../Engine/Content/Functions/Engine_MaterialFunctions02/Utility/MakeFloat2.uexp" 658
"../../../Engine/Content/EngineSky/VolumetricClouds/m_SimpleVolumetricCloud.uasset" 659
"../../../Engine/Content/EngineSky/VolumetricClouds/m_SimpleVolumetricCloud.uexp" 660
"../../../Engine/Content/EngineSky/VolumetricClouds/m_SimpleVolumetricCloud_Inst.uasset" 661
"../../../Engine/Content/EngineSky/VolumetricClouds/m_SimpleVolumetricCloud_Inst.uexp" 662
"../../../Engine/Content/Functions/Engine_MaterialFunctions01/Shading/PowerToRoughness.uasset" 663
"../../../Engine/Content/Functions/Engine_MaterialFunctions01/Shading/PowerToRoughness.uexp" 664
"../../../Engine/Content/Maps/Templates/Thumbnails/Default.uasset" 665
"../../../Engine/Content/Maps/Templates/Thumbnails/Default.uexp" 666
"../../../Engine/Content/Maps/Templates/Thumbnails/TimeOfDay.uasset" 667
"../../../Engine/Content/Maps/Templates/Thumbnails/TimeOfDay.uexp" 668
"../../../Engine/Content/Maps/Templates/Thumbnails/VR-Basic.uasset" 669
"../../../Engine/Content/Maps/Templates/Thumbnails/VR-Basic.uexp" 670
"../../../Engine/Content/MobileResources/T_MobileControls_texture.uasset" 671
"../../../Engine/Content/MobileResources/T_MobileControls_texture.uexp" 672
"../../../Engine/Content/MobileResources/T_MobileMenu2.uasset" 673
"../../../Engine/Content/MobileResources/T_MobileMenu2.uexp" 674
"../../../Engine/Content/MobileResources/HUD/AnalogHat.uasset" 675
"../../../Engine/Content/MobileResources/HUD/AnalogHat.uexp" 676
"../../../Engine/Content/MobileResources/HUD/VirtualJoystick_Thumb.uasset" 677
"../../../Engine/Content/MobileResources/HUD/VirtualJoystick_Thumb.uexp" 678
"../../../Engine/Content/MobileResources/HUD/VirtualJoystick_Background.uasset" 679
"../../../Engine/Content/MobileResources/HUD/VirtualJoystick_Background.uexp" 680
"../../../Engine/Content/MobileResources/HUD/DefaultVirtualJoysticks.uasset" 681
"../../../Engine/Content/MobileResources/HUD/DefaultVirtualJoysticks.uexp" 682
"../../../Engine/Content/MobileResources/HUD/LeftVirtualJoystickOnly.uasset" 683
"../../../Engine/Content/MobileResources/HUD/LeftVirtualJoystickOnly.uexp" 684
"../../../Engine/Content/MobileResources/HUD/MobileHUDButton1_off.uasset" 685
"../../../Engine/Content/MobileResources/HUD/MobileHUDButton1_off.uexp" 686
"../../../Engine/Content/MobileResources/HUD/MobileHUDButton1_on.uasset" 687
"../../../Engine/Content/MobileResources/HUD/MobileHUDButton1_on.uexp" 688
"../../../Engine/Content/MobileResources/HUD/MobileHUDButton2_off.uasset" 689
"../../../Engine/Content/MobileResources/HUD/MobileHUDButton2_off.uexp" 690
"../../../Engine/Content/MobileResources/HUD/MobileHUDButton2_on.uasset" 691
"../../../Engine/Content/MobileResources/HUD/MobileHUDButton2_on.uexp" 692
"../../../Engine/Content/MobileResources/HUD/MobileHUDButton3.uasset" 693
"../../../Engine/Content/MobileResources/HUD/MobileHUDButton3.uexp" 694
"../../../Engine/Content/MobileResources/HUD/MobileHUDButtonFire.uasset" 695
"../../../Engine/Content/MobileResources/HUD/MobileHUDButtonFire.uexp" 696
"../../../Engine/Content/MobileResources/HUD/MobileHUDDirectionPad.uasset" 697
"../../../Engine/Content/MobileResources/HUD/MobileHUDDirectionPad.uexp" 698
"../../../Engine/Content/MobileResources/HUD/MobileHUDDirectionPad2.uasset" 699
"../../../Engine/Content/MobileResources/HUD/MobileHUDDirectionPad2.uexp" 700
"../../../Engine/Content/MobileResources/HUD/MobileHUDDirectionPad3.uasset" 701
"../../../Engine/Content/MobileResources/HUD/MobileHUDDirectionPad3.uexp" 702
"../../../Engine/Content/MobileResources/HUD/MobileHUDDirectionStick.uasset" 703
"../../../Engine/Content/MobileResources/HUD/MobileHUDDirectionStick.uexp" 704
"../../../Engine/Content/MobileResources/HUD/T_Castle_ThumbstickInner.uasset" 705
"../../../Engine/Content/MobileResources/HUD/T_Castle_ThumbstickInner.uexp" 706
"../../../Engine/Content/MobileResources/HUD/T_Castle_ThumbstickOutter.uasset" 707
"../../../Engine/Content/MobileResources/HUD/T_Castle_ThumbstickOutter.uexp" 708
"../../../Engine/Content/Tutorial/ContentIntroCurve.uasset" 709
"../../../Engine/Content/Tutorial/ContentIntroCurve.uexp" 710
"../../../Engine/Content/Tutorial/Basics/TutorialAssets/icon_tab_Levels_40x.uasset" 711
"../../../Engine/Content/Tutorial/Basics/TutorialAssets/icon_tab_Levels_40x.uexp" 712
"../../../Engine/Content/Tutorial/BlueprintTutorials/TutorialAssets/Blueprint_64x.uasset" 713
"../../../Engine/Content/Tutorial/BlueprintTutorials/TutorialAssets/Blueprint_64x.uexp" 714
"../../../Engine/Content/Tutorial/SubEditors/TutorialAssets/TutorialMaterial.uasset" 715
"../../../Engine/Content/Tutorial/SubEditors/TutorialAssets/TutorialMaterial.uexp" 716
"../../../Engine/Content/VREditor/TransformGizmo/TranslucentTransformGizmoMaterial.uasset" 717
"../../../Engine/Content/VREditor/TransformGizmo/TranslucentTransformGizmoMaterial.uexp" 718
"../../../Engine/Content/VREditor/LaserPointer/VR_LaserPower_01.uasset" 719
"../../../Engine/Content/VREditor/LaserPointer/VR_LaserPower_01.uexp" 720
"../../../Engine/Content/VREditor/LaserPointer/VR_LaserPower_01.ubulk" 721
"../../../Engine/Content/VREditor/TransformGizmo/TransformGizmoMaterial.uasset" 722
"../../../Engine/Content/VREditor/TransformGizmo/TransformGizmoMaterial.uexp" 723
"../../../Engine/Content/VREditor/TransformGizmo/BoundingBoxCorner.uasset" 724
"../../../Engine/Content/VREditor/TransformGizmo/BoundingBoxCorner.uexp" 725
"../../../Engine/Content/VREditor/TransformGizmo/BoundingBoxEdge.uasset" 726
"../../../Engine/Content/VREditor/TransformGizmo/BoundingBoxEdge.uexp" 727
"../../../Engine/Content/VREditor/TransformGizmo/PlaneTranslationHandle.uasset" 728
"../../../Engine/Content/VREditor/TransformGizmo/PlaneTranslationHandle.uexp" 729
"../../../Engine/Content/VREditor/TransformGizmo/Xray.uasset" 730
"../../../Engine/Content/VREditor/TransformGizmo/Xray.uexp" 731
"../../../Engine/Content/VREditor/TransformGizmo/Main.uasset" 732
"../../../Engine/Content/VREditor/TransformGizmo/Main.uexp" 733
"../../../Engine/Content/VREditor/TransformGizmo/SM_Sequencer_Key.uasset" 734
"../../../Engine/Content/VREditor/TransformGizmo/SM_Sequencer_Key.uexp" 735
"../../../Engine/Content/VREditor/TransformGizmo/SM_Sequencer_Node.uasset" 736
"../../../Engine/Content/VREditor/TransformGizmo/SM_Sequencer_Node.uexp" 737
"../../../Engine/Plugins/2D/Paper2D/Content/PlaceholderTextures/DummySpriteTexture.uasset" 738
"../../../Engine/Plugins/2D/Paper2D/Content/PlaceholderTextures/DummySpriteTexture.uexp" 739
"../../../Engine/Plugins/2D/Paper2D/Content/PlaceholderTextures/DummySpriteTexture.ubulk" 740
"../../../Engine/Plugins/2D/Paper2D/Content/DummySprite.uasset" 741
"../../../Engine/Plugins/2D/Paper2D/Content/DummySprite.uexp" 742
"../../../Engine/Plugins/2D/Paper2D/Content/DefaultPaperTerrainMaterial.uasset" 743
"../../../Engine/Plugins/2D/Paper2D/Content/DefaultPaperTerrainMaterial.uexp" 744
"../../../Engine/Plugins/2D/Paper2D/Content/DefaultSpriteMaterial.uasset" 745
"../../../Engine/Plugins/2D/Paper2D/Content/DefaultSpriteMaterial.uexp" 746
"../../../Engine/Plugins/2D/Paper2D/Content/MaskedUnlitSpriteMaterial.uasset" 747
"../../../Engine/Plugins/2D/Paper2D/Content/MaskedUnlitSpriteMaterial.uexp" 748
"../../../Engine/Plugins/2D/Paper2D/Content/OpaqueUnlitSpriteMaterial.uasset" 749
"../../../Engine/Plugins/2D/Paper2D/Content/OpaqueUnlitSpriteMaterial.uexp" 750
"../../../Engine/Content/Functions/Engine_MaterialFunctions02/Utility/BreakOutFloat3Components.uasset" 751
"../../../Engine/Content/Functions/Engine_MaterialFunctions02/Utility/BreakOutFloat3Components.uexp" 752
"../../../Engine/Plugins/Editor/SpeedTreeImporter/Content/SpeedTree9/UnpackInteger3.uasset" 753
"../../../Engine/Plugins/Editor/SpeedTreeImporter/Content/SpeedTree9/UnpackInteger3.uexp" 754
"../../../Engine/Plugins/Editor/SpeedTreeImporter/Content/SpeedTree9/UnpackDirection.uasset" 755
"../../../Engine/Plugins/Editor/SpeedTreeImporter/Content/SpeedTree9/UnpackDirection.uexp" 756
"../../../Engine/Plugins/Editor/SpeedTreeImporter/Content/SpeedTree9/game_wind_noise.uasset" 757
"../../../Engine/Plugins/Editor/SpeedTreeImporter/Content/SpeedTree9/game_wind_noise.uexp" 758
"../../../Engine/Plugins/Editor/SpeedTreeImporter/Content/SpeedTree9/game_wind_noise.ubulk" 759
"../../../Engine/Plugins/Editor/SpeedTreeImporter/Content/SpeedTree9/SpeedTreeWindMotion.uasset" 760
"../../../Engine/Plugins/Editor/SpeedTreeImporter/Content/SpeedTree9/SpeedTreeWindMotion.uexp" 761
"../../../Engine/Plugins/Editor/SpeedTreeImporter/Content/SpeedTree9/SpeedTreeBranchMotion.uasset" 762
"../../../Engine/Plugins/Editor/SpeedTreeImporter/Content/SpeedTree9/SpeedTreeBranchMotion.uexp" 763
"../../../Engine/Content/Functions/Engine_MaterialFunctions02/ObjectLocalBounds.uasset" 764
"../../../Engine/Content/Functions/Engine_MaterialFunctions02/ObjectLocalBounds.uexp" 765
"../../../Engine/Content/Functions/Engine_MaterialFunctions02/UVs/BoundingBoxBased_0-1_UVW.uasset" 766
"../../../Engine/Content/Functions/Engine_MaterialFunctions02/UVs/BoundingBoxBased_0-1_UVW.uexp" 767
"../../../Engine/Content/Functions/Engine_MaterialFunctions02/Utility/VectorLength.uasset" 768
"../../../Engine/Content/Functions/Engine_MaterialFunctions02/Utility/VectorLength.uexp" 769
"../../../Engine/Content/Functions/Engine_MaterialFunctions02/WorldPositionOffset/ObjectScale.uasset" 770
"../../../Engine/Content/Functions/Engine_MaterialFunctions02/WorldPositionOffset/ObjectScale.uexp" 771
"../../../Engine/Plugins/Editor/SpeedTreeImporter/Content/SpeedTree9/SpeedTreeWind.uasset" 772
"../../../Engine/Plugins/Editor/SpeedTreeImporter/Content/SpeedTree9/SpeedTreeWind.uexp" 773
"../../../Engine/Plugins/Editor/SpeedTreeImporter/Content/SpeedTree9/SpeedTreeBillboard.uasset" 774
"../../../Engine/Plugins/Editor/SpeedTreeImporter/Content/SpeedTree9/SpeedTreeBillboard.uexp" 775
"../../../Engine/Plugins/Editor/SpeedTreeImporter/Content/SpeedTree9/EmptyNormal.uasset" 776
"../../../Engine/Plugins/Editor/SpeedTreeImporter/Content/SpeedTree9/EmptyNormal.uexp" 777
"../../../Engine/Plugins/Editor/SpeedTreeImporter/Content/SpeedTree9/Empty.uasset" 778
"../../../Engine/Plugins/Editor/SpeedTreeImporter/Content/SpeedTree9/Empty.uexp" 779
"../../../Engine/Plugins/Editor/SpeedTreeImporter/Content/SpeedTree9/SpeedTreeBillboardMaster.uasset" 780
"../../../Engine/Plugins/Editor/SpeedTreeImporter/Content/SpeedTree9/SpeedTreeBillboardMaster.uexp" 781
"../../../Engine/Plugins/Editor/SpeedTreeImporter/Content/SpeedTree9/SpeedTreeCameraFacing.uasset" 782
"../../../Engine/Plugins/Editor/SpeedTreeImporter/Content/SpeedTree9/SpeedTreeCameraFacing.uexp" 783
"../../../Engine/Plugins/Editor/SpeedTreeImporter/Content/SpeedTree9/SpeedTreeMaster.uasset" 784
"../../../Engine/Plugins/Editor/SpeedTreeImporter/Content/SpeedTree9/SpeedTreeMaster.uexp" 785
"../../../Engine/Content/ArtTools/RenderToTexture/Materials/Debug/M_Emissive_Color.uasset" 786
"../../../Engine/Content/ArtTools/RenderToTexture/Materials/Debug/M_Emissive_Color.uexp" 787
"../../../Engine/Content/BasicShapes/Cylinder.uasset" 788
"../../../Engine/Content/BasicShapes/Cylinder.uexp" 789
"../../../Engine/Plugins/Lumin/MagicLeapPassableWorld/Content/MagicLeapARPinInfoActor.uasset" 790
"../../../Engine/Plugins/Lumin/MagicLeapPassableWorld/Content/MagicLeapARPinInfoActor.uexp" 791
"../../../Engine/Plugins/Runtime/OpenXR/Content/Devices/GoogleDaydream/MRTexture.uasset" 792
"../../../Engine/Plugins/Runtime/OpenXR/Content/Devices/GoogleDaydream/MRTexture.uexp" 793
"../../../Engine/Plugins/Runtime/OpenXR/Content/Devices/GoogleDaydream/MRTexture.ubulk" 794
"../../../Engine/Plugins/Runtime/OpenXR/Content/Devices/GoogleDaydream/BaseTexture.uasset" 795
"../../../Engine/Plugins/Runtime/OpenXR/Content/Devices/GoogleDaydream/BaseTexture.uexp" 796
"../../../Engine/Plugins/Runtime/OpenXR/Content/Devices/GoogleDaydream/BaseTexture.ubulk" 797
"../../../Engine/Content/EngineResources/Black.uasset" 798
"../../../Engine/Content/EngineResources/Black.uexp" 799
"../../../Engine/Plugins/Runtime/OpenXR/Content/Devices/M_XRController.uasset" 800
"../../../Engine/Plugins/Runtime/OpenXR/Content/Devices/M_XRController.uexp" 801
"../../../Engine/Plugins/Runtime/OpenXR/Content/Devices/GoogleDaydream/MI_GoogleDaydream.uasset" 802
"../../../Engine/Plugins/Runtime/OpenXR/Content/Devices/GoogleDaydream/MI_GoogleDaydream.uexp" 803
"../../../Engine/Plugins/Runtime/OpenXR/Content/Devices/GoogleDaydream/GoogleDaydreamController.uasset" 804
"../../../Engine/Plugins/Runtime/OpenXR/Content/Devices/GoogleDaydream/GoogleDaydreamController.uexp" 805
"../../../Engine/Plugins/Runtime/OpenXR/Content/Devices/HTCVive/BaseTexture.uasset" 806
"../../../Engine/Plugins/Runtime/OpenXR/Content/Devices/HTCVive/BaseTexture.uexp" 807
"../../../Engine/Plugins/Runtime/OpenXR/Content/Devices/HTCVive/BaseTexture.ubulk" 808
"../../../Engine/Plugins/Runtime/OpenXR/Content/Devices/HTCVive/MI_HTCVive.uasset" 809
"../../../Engine/Plugins/Runtime/OpenXR/Content/Devices/HTCVive/MI_HTCVive.uexp" 810
"../../../Engine/Plugins/Runtime/OpenXR/Content/Devices/HTCVive/HTCViveController.uasset" 811
"../../../Engine/Plugins/Runtime/OpenXR/Content/Devices/HTCVive/HTCViveController.uexp" 812
"../../../Engine/Plugins/Runtime/OpenXR/Content/Devices/MicrosoftMixedReality/EmissiveTexture.uasset" 813
"../../../Engine/Plugins/Runtime/OpenXR/Content/Devices/MicrosoftMixedReality/EmissiveTexture.uexp" 814
"../../../Engine/Plugins/Runtime/OpenXR/Content/Devices/MicrosoftMixedReality/EmissiveTexture.ubulk" 815
"../../../Engine/Plugins/Runtime/OpenXR/Content/Devices/MicrosoftMixedReality/BaseTexture.uasset" 816
"../../../Engine/Plugins/Runtime/OpenXR/Content/Devices/MicrosoftMixedReality/BaseTexture.uexp" 817
"../../../Engine/Plugins/Runtime/OpenXR/Content/Devices/MicrosoftMixedReality/BaseTexture.ubulk" 818
"../../../Engine/Plugins/Runtime/OpenXR/Content/Devices/MicrosoftMixedReality/NormalTexture.uasset" 819
"../../../Engine/Plugins/Runtime/OpenXR/Content/Devices/MicrosoftMixedReality/NormalTexture.uexp" 820
"../../../Engine/Plugins/Runtime/OpenXR/Content/Devices/MicrosoftMixedReality/NormalTexture.ubulk" 821
"../../../Engine/Plugins/Runtime/OpenXR/Content/Devices/MicrosoftMixedReality/MRTexture.uasset" 822
"../../../Engine/Plugins/Runtime/OpenXR/Content/Devices/MicrosoftMixedReality/MRTexture.uexp" 823
"../../../Engine/Plugins/Runtime/OpenXR/Content/Devices/MicrosoftMixedReality/MRTexture.ubulk" 824
"../../../Engine/Plugins/Runtime/OpenXR/Content/Devices/MicrosoftMixedReality/MI_MicrosoftMixedReality.uasset" 825
"../../../Engine/Plugins/Runtime/OpenXR/Content/Devices/MicrosoftMixedReality/MI_MicrosoftMixedReality.uexp" 826
"../../../Engine/Plugins/Runtime/OpenXR/Content/Devices/MicrosoftMixedReality/Left/left_MicrosoftMixedRealityController.uasset" 827
"../../../Engine/Plugins/Runtime/OpenXR/Content/Devices/MicrosoftMixedReality/Left/left_MicrosoftMixedRealityController.uexp" 828
"../../../Engine/Plugins/Runtime/OpenXR/Content/Devices/MicrosoftMixedReality/Right/right_MicrosoftMixedRealityController.uasset" 829
"../../../Engine/Plugins/Runtime/OpenXR/Content/Devices/MicrosoftMixedReality/Right/right_MicrosoftMixedRealityController.uexp" 830
"../../../Engine/Plugins/Runtime/OpenXR/Content/Devices/OculusGo/BaseTexture.uasset" 831
"../../../Engine/Plugins/Runtime/OpenXR/Content/Devices/OculusGo/BaseTexture.uexp" 832
"../../../Engine/Plugins/Runtime/OpenXR/Content/Devices/OculusGo/BaseTexture.ubulk" 833
"../../../Engine/Plugins/Runtime/OpenXR/Content/Devices/OculusGo/MI_OculusGo.uasset" 834
"../../../Engine/Plugins/Runtime/OpenXR/Content/Devices/OculusGo/MI_OculusGo.uexp" 835
"../../../Engine/Plugins/Runtime/OpenXR/Content/Devices/OculusGo/OculusGoController.uasset" 836
"../../../Engine/Plugins/Runtime/OpenXR/Content/Devices/OculusGo/OculusGoController.uexp" 837
"../../../Engine/Plugins/Runtime/OpenXR/Content/Devices/OculusTouch/MRTexture.uasset" 838
"../../../Engine/Plugins/Runtime/OpenXR/Content/Devices/OculusTouch/MRTexture.uexp" 839
"../../../Engine/Plugins/Runtime/OpenXR/Content/Devices/OculusTouch/MRTexture.ubulk" 840
"../../../Engine/Plugins/Runtime/OpenXR/Content/Devices/OculusTouch/BaseTexture.uasset" 841
"../../../Engine/Plugins/Runtime/OpenXR/Content/Devices/OculusTouch/BaseTexture.uexp" 842
"../../../Engine/Plugins/Runtime/OpenXR/Content/Devices/OculusTouch/BaseTexture.ubulk" 843
"../../../Engine/Plugins/Runtime/OpenXR/Content/Devices/OculusTouch/MI_OculusTouch.uasset" 844
"../../../Engine/Plugins/Runtime/OpenXR/Content/Devices/OculusTouch/MI_OculusTouch.uexp" 845
"../../../Engine/Plugins/Runtime/OpenXR/Content/Devices/OculusTouch/Left/left_OculusTouchController.uasset" 846
"../../../Engine/Plugins/Runtime/OpenXR/Content/Devices/OculusTouch/Left/left_OculusTouchController.uexp" 847
"../../../Engine/Plugins/Runtime/OpenXR/Content/Devices/OculusTouch/Right/right_OculusTouchController.uasset" 848
"../../../Engine/Plugins/Runtime/OpenXR/Content/Devices/OculusTouch/Right/right_OculusTouchController.uexp" 849
"../../../Engine/Plugins/Runtime/OpenXR/Content/Devices/OculusTouch_v2/MRTexture.uasset" 850
"../../../Engine/Plugins/Runtime/OpenXR/Content/Devices/OculusTouch_v2/MRTexture.uexp" 851
"../../../Engine/Plugins/Runtime/OpenXR/Content/Devices/OculusTouch_v2/MRTexture.ubulk" 852
"../../../Engine/Plugins/Runtime/OpenXR/Content/Devices/OculusTouch_v2/BaseTexture.uasset" 853
"../../../Engine/Plugins/Runtime/OpenXR/Content/Devices/OculusTouch_v2/BaseTexture.uexp" 854
"../../../Engine/Plugins/Runtime/OpenXR/Content/Devices/OculusTouch_v2/BaseTexture.ubulk" 855
"../../../Engine/Plugins/Runtime/OpenXR/Content/Devices/OculusTouch_v2/MI_OculusTouch_v2.uasset" 856
"../../../Engine/Plugins/Runtime/OpenXR/Content/Devices/OculusTouch_v2/MI_OculusTouch_v2.uexp" 857
"../../../Engine/Plugins/Runtime/OpenXR/Content/Devices/OculusTouch_v2/Left/left_OculusTouch_v2Controller.uasset" 858
"../../../Engine/Plugins/Runtime/OpenXR/Content/Devices/OculusTouch_v2/Left/left_OculusTouch_v2Controller.uexp" 859
"../../../Engine/Plugins/Runtime/OpenXR/Content/Devices/OculusTouch_v2/Right/right_OculusTouch_v2Controller.uasset" 860
"../../../Engine/Plugins/Runtime/OpenXR/Content/Devices/OculusTouch_v2/Right/right_OculusTouch_v2Controller.uexp" 861
"../../../Engine/Plugins/Runtime/OpenXR/Content/Devices/OculusTouch_v3/MRTexture.uasset" 862
"../../../Engine/Plugins/Runtime/OpenXR/Content/Devices/OculusTouch_v3/MRTexture.uexp" 863
"../../../Engine/Plugins/Runtime/OpenXR/Content/Devices/OculusTouch_v3/MRTexture.ubulk" 864
"../../../Engine/Plugins/Runtime/OpenXR/Content/Devices/OculusTouch_v3/BaseTexture.uasset" 865
"../../../Engine/Plugins/Runtime/OpenXR/Content/Devices/OculusTouch_v3/BaseTexture.uexp" 866
"../../../Engine/Plugins/Runtime/OpenXR/Content/Devices/OculusTouch_v3/BaseTexture.ubulk" 867
"../../../Engine/Plugins/Runtime/OpenXR/Content/Devices/OculusTouch_v3/MI_OculusTouch_v3.uasset" 868
"../../../Engine/Plugins/Runtime/OpenXR/Content/Devices/OculusTouch_v3/MI_OculusTouch_v3.uexp" 869
"../../../Engine/Plugins/Runtime/OpenXR/Content/Devices/OculusTouch_v3/Left/left_OculusTouch_v3Controller.uasset" 870
"../../../Engine/Plugins/Runtime/OpenXR/Content/Devices/OculusTouch_v3/Left/left_OculusTouch_v3Controller.uexp" 871
"../../../Engine/Plugins/Runtime/OpenXR/Content/Devices/OculusTouch_v3/Right/right_OculusTouch_v3Controller.uasset" 872
"../../../Engine/Plugins/Runtime/OpenXR/Content/Devices/OculusTouch_v3/Right/right_OculusTouch_v3Controller.uexp" 873
"../../../Engine/Plugins/Runtime/OpenXR/Content/Devices/ValveIndex/MRTexture.uasset" 874
"../../../Engine/Plugins/Runtime/OpenXR/Content/Devices/ValveIndex/MRTexture.uexp" 875
"../../../Engine/Plugins/Runtime/OpenXR/Content/Devices/ValveIndex/MRTexture.ubulk" 876
"../../../Engine/Plugins/Runtime/OpenXR/Content/Devices/ValveIndex/BaseTexture.uasset" 877
"../../../Engine/Plugins/Runtime/OpenXR/Content/Devices/ValveIndex/BaseTexture.uexp" 878
"../../../Engine/Plugins/Runtime/OpenXR/Content/Devices/ValveIndex/BaseTexture.ubulk" 879
"../../../Engine/Plugins/Runtime/OpenXR/Content/Devices/ValveIndex/Left/MI_left_ValveIndex.uasset" 880
"../../../Engine/Plugins/Runtime/OpenXR/Content/Devices/ValveIndex/Left/MI_left_ValveIndex.uexp" 881
"../../../Engine/Plugins/Runtime/OpenXR/Content/Devices/ValveIndex/Left/left_ValveIndexController.uasset" 882
"../../../Engine/Plugins/Runtime/OpenXR/Content/Devices/ValveIndex/Left/left_ValveIndexController.uexp" 883
"../../../Engine/Plugins/Runtime/OpenXR/Content/Devices/ValveIndex/Right/MI_right_ValveIndex.uasset" 884
"../../../Engine/Plugins/Runtime/OpenXR/Content/Devices/ValveIndex/Right/MI_right_ValveIndex.uexp" 885
"../../../Engine/Plugins/Runtime/OpenXR/Content/Devices/ValveIndex/Right/right_ValveIndexController.uasset" 886
"../../../Engine/Plugins/Runtime/OpenXR/Content/Devices/ValveIndex/Right/right_ValveIndexController.uexp" 887
"../../../Engine/Content/Functions/Engine_MaterialFunctions02/Utility/BreakOutFloat4Components.uasset" 888
"../../../Engine/Content/Functions/Engine_MaterialFunctions02/Utility/BreakOutFloat4Components.uexp" 889
"../../../Engine/Content/Functions/Engine_MaterialFunctions02/Utility/MakeFloat3.uasset" 890
"../../../Engine/Content/Functions/Engine_MaterialFunctions02/Utility/MakeFloat3.uexp" 891
"../../../Engine/Plugins/Runtime/Oculus/OculusVR/Content/Materials/OculusMR_ChromaKey.uasset" 892
"../../../Engine/Plugins/Runtime/Oculus/OculusVR/Content/Materials/OculusMR_ChromaKey.uexp" 893
"../../../Engine/Plugins/Runtime/Oculus/OculusVR/Content/Materials/OculusMR_OpaqueColoredMaterial.uasset" 894
"../../../Engine/Plugins/Runtime/Oculus/OculusVR/Content/Materials/OculusMR_OpaqueColoredMaterial.uexp" 895
"../../../Engine/Plugins/Runtime/Oculus/OculusVR/Content/Materials/PokeAHoleMaterial.uasset" 896
"../../../Engine/Plugins/Runtime/Oculus/OculusVR/Content/Materials/PokeAHoleMaterial.uexp" 897
"../../../Engine/Plugins/Runtime/Oculus/OculusVR/Content/Textures/touchController_controlmap.uasset" 898
"../../../Engine/Plugins/Runtime/Oculus/OculusVR/Content/Textures/touchController_controlmap.uexp" 899
"../../../Engine/Plugins/Runtime/Oculus/OculusVR/Content/Textures/touchController_controlmap.ubulk" 900
"../../../Engine/Plugins/Runtime/Oculus/OculusVR/Content/Textures/touchController_albedo.uasset" 901
"../../../Engine/Plugins/Runtime/Oculus/OculusVR/Content/Textures/touchController_albedo.uexp" 902
"../../../Engine/Plugins/Runtime/Oculus/OculusVR/Content/Textures/touchController_albedo.ubulk" 903
"../../../Engine/Plugins/Runtime/Oculus/OculusVR/Content/Materials/touchController_mat.uasset" 904
"../../../Engine/Plugins/Runtime/Oculus/OculusVR/Content/Materials/touchController_mat.uexp" 905
"../../../Engine/Plugins/Runtime/Oculus/OculusVR/Content/Meshes/LeftTouchController.uasset" 906
"../../../Engine/Plugins/Runtime/Oculus/OculusVR/Content/Meshes/LeftTouchController.uexp" 907
"../../../Engine/Plugins/Runtime/Oculus/OculusVR/Content/Textures/TouchForQuestRiftSController_albedo.uasset" 908
"../../../Engine/Plugins/Runtime/Oculus/OculusVR/Content/Textures/TouchForQuestRiftSController_albedo.uexp" 909
"../../../Engine/Plugins/Runtime/Oculus/OculusVR/Content/Textures/TouchForQuestRiftSController_albedo.ubulk" 910
"../../../Engine/Plugins/Runtime/Oculus/OculusVR/Content/Materials/TouchForQuestRiftSControllerMaterial.uasset" 911
"../../../Engine/Plugins/Runtime/Oculus/OculusVR/Content/Materials/TouchForQuestRiftSControllerMaterial.uexp" 912
"../../../Engine/Plugins/Runtime/Oculus/OculusVR/Content/Meshes/LeftTouchForQuestRiftSController.uasset" 913
"../../../Engine/Plugins/Runtime/Oculus/OculusVR/Content/Meshes/LeftTouchForQuestRiftSController.uexp" 914
"../../../Engine/Plugins/Runtime/Oculus/OculusVR/Content/Meshes/RiftHMD.uasset" 915
"../../../Engine/Plugins/Runtime/Oculus/OculusVR/Content/Meshes/RiftHMD.uexp" 916
"../../../Engine/Plugins/Runtime/Oculus/OculusVR/Content/Meshes/RightTouchController.uasset" 917
"../../../Engine/Plugins/Runtime/Oculus/OculusVR/Content/Meshes/RightTouchController.uexp" 918
"../../../Engine/Plugins/Runtime/Oculus/OculusVR/Content/Meshes/RightTouchForQuestRiftSController.uasset" 919
"../../../Engine/Plugins/Runtime/Oculus/OculusVR/Content/Meshes/RightTouchForQuestRiftSController.uexp" 920
"../../../Engine/Content/EngineSky/T_Sky_Stars.uasset" 921
"../../../Engine/Content/EngineSky/T_Sky_Stars.uexp" 922
"../../../Engine/Content/EngineSky/T_Sky_Stars.ubulk" 923
"../../../Engine/Content/EngineSky/T_Sky_Clouds_M.uasset" 924
"../../../Engine/Content/EngineSky/T_Sky_Clouds_M.uexp" 925
"../../../Engine/Content/EngineSky/T_Sky_Clouds_M.ubulk" 926
"../../../Engine/Content/EngineSky/T_Sky_Blue.uasset" 927
"../../../Engine/Content/EngineSky/T_Sky_Blue.uexp" 928
"../../../Engine/Content/EngineSky/T_Sky_Blue.ubulk" 929
"../../../Engine/Content/Functions/Engine_MaterialFunctions02/Utility/MakeFloat4.uasset" 930
"../../../Engine/Content/Functions/Engine_MaterialFunctions02/Utility/MakeFloat4.uexp" 931
"C:/Users/Sean Mercer/Documents/GitHub/CardsForHumanity/Content/Materials-Textures/M_SeanOutline.uasset" 932
"C:/Users/Sean Mercer/Documents/GitHub/CardsForHumanity/Content/Materials-Textures/M_SeanOutline.uexp" 933
"C:/Users/Sean Mercer/Documents/GitHub/CardsForHumanity/Content/Materials-Textures/M_SeanOutline_Inst.uasset" 934
"C:/Users/Sean Mercer/Documents/GitHub/CardsForHumanity/Content/Materials-Textures/M_SeanOutline_Inst.uexp" 935
"../../../Engine/Content/EngineSky/M_Sky_Panning_Clouds2.uasset" 936
"../../../Engine/Content/EngineSky/M_Sky_Panning_Clouds2.uexp" 937
"../../../Engine/Content/MapTemplates/SM_Template_Map_Floor.uasset" 938
"../../../Engine/Content/MapTemplates/SM_Template_Map_Floor.uexp" 939
"../../../Engine/Content/EngineSky/SM_SkySphere.uasset" 940
"../../../Engine/Content/EngineSky/SM_SkySphere.uexp" 941
"../../../Engine/Content/EngineSky/C_Sky_Zenith_Color.uasset" 942
"../../../Engine/Content/EngineSky/C_Sky_Zenith_Color.uexp" 943
"../../../Engine/Content/EngineSky/C_Sky_Horizon_Color.uasset" 944
"../../../Engine/Content/EngineSky/C_Sky_Horizon_Color.uexp" 945
"../../../Engine/Content/EngineSky/C_Sky_Cloud_Color.uasset" 946
"../../../Engine/Content/EngineSky/C_Sky_Cloud_Color.uexp" 947
"../../../Engine/Content/EngineSky/BP_Sky_Sphere.uasset" 948
"../../../Engine/Content/EngineSky/BP_Sky_Sphere.uexp" 949
"C:/Users/Sean Mercer/Documents/GitHub/CardsForHumanity/Content/Maps/Map_TestNetworking.uexp" 950
"C:/Users/Sean Mercer/Documents/GitHub/CardsForHumanity/Content/Maps/Map_TestNetworking.umap" 951
"C:/Users/Sean Mercer/Documents/GitHub/CardsForHumanity/Content/Meshes/Placeholder_Computer.uasset" 952
"C:/Users/Sean Mercer/Documents/GitHub/CardsForHumanity/Content/Meshes/Placeholder_Computer.uexp" 953
"../../../Engine/Content/BasicShapes/Cube.uasset" 954
"../../../Engine/Content/BasicShapes/Cube.uexp" 955
"C:/Users/Sean Mercer/Documents/GitHub/CardsForHumanity/Content/Materials-Textures/PostProcessMaterial.uasset" 956
"C:/Users/Sean Mercer/Documents/GitHub/CardsForHumanity/Content/Materials-Textures/PostProcessMaterial.uexp" 957
"C:/Users/Sean Mercer/Documents/GitHub/CardsForHumanity/Content/Materials-Textures/PostProcessMaterial_Inst.uasset" 958
"C:/Users/Sean Mercer/Documents/GitHub/CardsForHumanity/Content/Materials-Textures/PostProcessMaterial_Inst.uexp" 959
"C:/Users/Sean Mercer/Documents/GitHub/CardsForHumanity/Content/Materials-Textures/Gray.uasset" 960
"C:/Users/Sean Mercer/Documents/GitHub/CardsForHumanity/Content/Materials-Textures/Gray.uexp" 961
"C:/Users/Sean Mercer/Documents/GitHub/CardsForHumanity/Content/Images/LoadingPlaceholder.uasset" 962
"C:/Users/Sean Mercer/Documents/GitHub/CardsForHumanity/Content/Images/LoadingPlaceholder.uexp" 963
"C:/Users/Sean Mercer/Documents/GitHub/CardsForHumanity/Content/Images/LoadingPlaceholder_Mat.uasset" 964
"C:/Users/Sean Mercer/Documents/GitHub/CardsForHumanity/Content/Images/LoadingPlaceholder_Mat.uexp" 965
"C:/Users/Sean Mercer/Documents/GitHub/CardsForHumanity/Content/Maps/Test_MainMenu.uexp" 966
"C:/Users/Sean Mercer/Documents/GitHub/CardsForHumanity/Content/Maps/Test_MainMenu.umap" 967
"../../../Engine/Content/BasicShapes/BasicShapeMaterial.uasset" 968
"../../../Engine/Content/BasicShapes/BasicShapeMaterial.uexp" 969
"C:/Users/Sean Mercer/Documents/GitHub/CardsForHumanity/Content/Maps/Map_LobbyLevel.uexp" 970
"C:/Users/Sean Mercer/Documents/GitHub/CardsForHumanity/Content/Maps/Map_LobbyLevel.umap" 971
"C:/Users/Sean Mercer/Documents/GitHub/CardsForHumanity/Content/Maps/Map_MainMenu.uexp" 972
"C:/Users/Sean Mercer/Documents/GitHub/CardsForHumanity/Content/Maps/Map_MainMenu.umap" 973
"C:/Users/Sean Mercer/Documents/GitHub/CardsForHumanity/Content/EDITOR_ONLY/Thumbail_Maker.uexp" 974
"C:/Users/Sean Mercer/Documents/GitHub/CardsForHumanity/Content/EDITOR_ONLY/Thumbail_Maker.umap" 975
"../../../Engine/Content/Maps/Entry_BuiltData.uasset" 976
"../../../Engine/Content/Maps/Entry_BuiltData.uexp" 977
"../../../Engine/Content/Maps/Entry.uexp" 978
"../../../Engine/Content/Maps/Entry.umap" 979
